2026-03-10 11:08:26.124778+0000	INFO	             env/logging.go:42	=====================> Service started SCION Router br-1
  Scion version: 

  pid:           34
  euid/egid:     0 0
  cmd line:      ["bin/router" "--config" "/root/escenario/ISD2/AS211/config/tmp/br1-tmp.toml"]

2026-03-10 11:08:26.155272+0000	INFO	               json/json.go:48	topology.json; ignoring deprecated attribute value	{"value": "authoritative"}
2026-03-10 11:08:26.158226+0000	INFO	               json/json.go:48	topology.json; ignoring deprecated attribute value	{"value": "issuing"}
2026-03-10 11:08:26.158565+0000	INFO	               json/json.go:48	topology.json; ignoring deprecated attribute value	{"value": "voting"}
2026-03-10 11:08:26.264793+0000	DEBUG	          control/iactx.go:111	Configuring Dataplane
2026-03-10 11:08:26.269287+0000	DEBUG	        router/connector.go:54	CreateIACtx	{"isd_as": "2-211"}
2026-03-10 11:08:26.272458+0000	DEBUG	       router/connector.go:169	Setting key	{"isd_as": "2-211", "index": 0}
2026-03-10 11:08:26.272728+0000	DEBUG	        router/connector.go:66	Adding internal interface	{"isd_as": "2-211", "local": "10.0.2.11:30001"}
2026-03-10 11:08:26.273568+0000	DEBUG	        router/connector.go:89	Adding external interface	{"interface": "1", "local_isd_as": "2-211", "local_addr": "10.0.2.11:50002", "remote_isd_as": "1-110", "remote_addr": "10.0.1.10:50002", "owned": true, "link_bfd_configured": false, "link_bfd_enabled": true, "dataplane_bfd_enabled": true}
2026-03-10 11:08:26.274188+0000	DEBUG	        router/connector.go:89	Adding external interface	{"interface": "2", "local_isd_as": "2-211", "local_addr": "10.0.2.11:50008", "remote_isd_as": "1-111", "remote_addr": "10.0.1.11:50008", "owned": true, "link_bfd_configured": false, "link_bfd_enabled": true, "dataplane_bfd_enabled": true}
2026-03-10 11:08:26.274470+0000	DEBUG	        router/connector.go:89	Adding external interface	{"interface": "3", "local_isd_as": "2-211", "local_addr": "10.0.2.11:50013", "remote_isd_as": "2-210", "remote_addr": "10.0.2.10:50013", "owned": true, "link_bfd_configured": false, "link_bfd_enabled": true, "dataplane_bfd_enabled": true}
2026-03-10 11:08:26.274789+0000	DEBUG	        router/connector.go:89	Adding external interface	{"interface": "4", "local_isd_as": "2-211", "local_addr": "10.0.2.11:50018", "remote_isd_as": "3-310", "remote_addr": "10.0.3.10:50018", "owned": true, "link_bfd_configured": false, "link_bfd_enabled": true, "dataplane_bfd_enabled": true}
2026-03-10 11:08:26.275123+0000	DEBUG	        router/connector.go:89	Adding external interface	{"interface": "5", "local_isd_as": "2-211", "local_addr": "10.0.2.11:50019", "remote_isd_as": "3-311", "remote_addr": "10.0.3.11:50019", "owned": true, "link_bfd_configured": false, "link_bfd_enabled": true, "dataplane_bfd_enabled": true}
2026-03-10 11:08:26.275358+0000	DEBUG	        router/connector.go:89	Adding external interface	{"interface": "6", "local_isd_as": "2-211", "local_addr": "10.0.2.11:50020", "remote_isd_as": "4-410", "remote_addr": "10.0.4.10:50020", "owned": true, "link_bfd_configured": false, "link_bfd_enabled": true, "dataplane_bfd_enabled": true}
2026-03-10 11:08:26.275775+0000	DEBUG	        router/connector.go:89	Adding external interface	{"interface": "7", "local_isd_as": "2-211", "local_addr": "10.0.2.11:50021", "remote_isd_as": "4-411", "remote_addr": "10.0.4.11:50021", "owned": true, "link_bfd_configured": false, "link_bfd_enabled": true, "dataplane_bfd_enabled": true}
2026-03-10 11:08:26.276558+0000	DEBUG	        router/connector.go:89	Adding external interface	{"interface": "8", "local_isd_as": "2-211", "local_addr": "10.0.2.11:51201", "remote_isd_as": "2-212", "remote_addr": "10.0.2.12:51201", "owned": true, "link_bfd_configured": false, "link_bfd_enabled": true, "dataplane_bfd_enabled": true}
2026-03-10 11:08:26.277525+0000	DEBUG	        router/connector.go:89	Adding external interface	{"interface": "9", "local_isd_as": "2-211", "local_addr": "10.0.2.11:51211", "remote_isd_as": "2-213", "remote_addr": "10.0.2.13:51211", "owned": true, "link_bfd_configured": false, "link_bfd_enabled": true, "dataplane_bfd_enabled": true}
2026-03-10 11:08:26.278464+0000	DEBUG	        router/connector.go:89	Adding external interface	{"interface": "10", "local_isd_as": "2-211", "local_addr": "10.0.2.11:51221", "remote_isd_as": "2-214", "remote_addr": "10.0.2.14:51221", "owned": true, "link_bfd_configured": false, "link_bfd_enabled": true, "dataplane_bfd_enabled": true}
2026-03-10 11:08:26.279085+0000	DEBUG	       router/connector.go:147	Adding service	{"isd_as": "2-211", "svc": "DS", "address": "10.0.2.11:30254"}
2026-03-10 11:08:26.279660+0000	DEBUG	       router/connector.go:147	Adding service	{"isd_as": "2-211", "svc": "CS", "address": "10.0.2.11:30254"}
2026-03-10 11:08:26.280479+0000	DEBUG	       router/connector.go:245	Endhost port range configuration	{"startPort": 30000, "endPort": 32767}
2026-03-10 11:08:26.280972+0000	DEBUG	          control/iactx.go:119	Dataplane configured successfully	{"config": "{IA: 2-211, BR.Name: br-1"}
2026-03-10 11:08:26.283156+0000	INFO	                env/env.go:201	Exporting prometheus metrics	{"addr": "127.0.0.1:30401"}
2026-03-10 11:08:26.329528+0000	DEBUG	       router/dataplane.go:678	Initialize packet pool of size	{"poolSize": 11738}
2026-03-10 11:08:26.391183+0000	DEBUG	       router/dataplane.go:709	Run receiver for	{"interface": 6}
2026-03-10 11:08:26.391707+0000	DEBUG	      router/dataplane.go:1036	Initialize forwarder for	{"interface": 0}
2026-03-10 11:08:26.391811+0000	DEBUG	      router/dataplane.go:1036	Initialize forwarder for	{"interface": 1}
2026-03-10 11:08:26.391366+0000	DEBUG	       router/dataplane.go:709	Run receiver for	{"interface": 9}
2026-03-10 11:08:26.395451+0000	DEBUG	      router/dataplane.go:1036	Initialize forwarder for	{"interface": 4}
2026-03-10 11:08:26.391382+0000	DEBUG	      router/dataplane.go:1036	Initialize forwarder for	{"interface": 9}
2026-03-10 11:08:26.391375+0000	DEBUG	       router/dataplane.go:872	Initialize slow-path processor with	{"id": 0}
2026-03-10 11:08:26.391400+0000	DEBUG	       router/dataplane.go:815	Initialize processor with	{"id": 0}
2026-03-10 11:08:26.391412+0000	DEBUG	       router/dataplane.go:815	Initialize processor with	{"id": 4}
2026-03-10 11:08:26.391417+0000	DEBUG	       router/dataplane.go:815	Initialize processor with	{"id": 3}
2026-03-10 11:08:26.391428+0000	DEBUG	       router/dataplane.go:815	Initialize processor with	{"id": 5}
2026-03-10 11:08:26.391429+0000	DEBUG	       router/dataplane.go:815	Initialize processor with	{"id": 1}
2026-03-10 11:08:26.391445+0000	DEBUG	       router/dataplane.go:815	Initialize processor with	{"id": 2}
2026-03-10 11:08:26.391632+0000	DEBUG	       router/dataplane.go:709	Run receiver for	{"interface": 7}
2026-03-10 11:08:26.391651+0000	DEBUG	       router/dataplane.go:709	Run receiver for	{"interface": 10}
2026-03-10 11:08:26.391834+0000	DEBUG	       router/dataplane.go:709	Run receiver for	{"interface": 1}
2026-03-10 11:08:26.391667+0000	DEBUG	       router/dataplane.go:709	Run receiver for	{"interface": 4}
2026-03-10 11:08:26.392338+0000	DEBUG	      router/dataplane.go:1036	Initialize forwarder for	{"interface": 10}
2026-03-10 11:08:26.392356+0000	DEBUG	       router/dataplane.go:709	Run receiver for	{"interface": 2}
2026-03-10 11:08:26.392377+0000	DEBUG	      router/dataplane.go:1036	Initialize forwarder for	{"interface": 2}
2026-03-10 11:08:26.391322+0000	DEBUG	      router/dataplane.go:1036	Initialize forwarder for	{"interface": 6}
2026-03-10 11:08:26.392692+0000	DEBUG	      router/dataplane.go:1036	Initialize forwarder for	{"interface": 3}
2026-03-10 11:08:26.392720+0000	DEBUG	       router/dataplane.go:709	Run receiver for	{"interface": 0}
2026-03-10 11:08:26.392736+0000	DEBUG	       router/dataplane.go:709	Run receiver for	{"interface": 5}
2026-03-10 11:08:26.392979+0000	DEBUG	      router/dataplane.go:1036	Initialize forwarder for	{"interface": 5}
2026-03-10 11:08:26.393167+0000	DEBUG	       router/dataplane.go:709	Run receiver for	{"interface": 8}
2026-03-10 11:08:26.403193+0000	DEBUG	      router/dataplane.go:1036	Initialize forwarder for	{"interface": 8}
2026-03-10 11:08:26.414161+0000	DEBUG	       router/dataplane.go:709	Run receiver for	{"interface": 3}
2026-03-10 11:08:26.418454+0000	DEBUG	      router/dataplane.go:1036	Initialize forwarder for	{"interface": 7}
2026-03-10 11:08:27.379660+0000	DEBUG	            bfd/session.go:231	Bootstrapped
2026-03-10 11:08:27.380719+0000	DEBUG	            bfd/session.go:437	Transitioned from state Down to state Init on event Down
2026-03-10 11:08:27.395466+0000	DEBUG	            bfd/session.go:231	Bootstrapped
2026-03-10 11:08:27.396971+0000	DEBUG	            bfd/session.go:437	Transitioned from state Down to state Init on event Down
2026-03-10 11:08:27.583999+0000	DEBUG	            bfd/session.go:231	Bootstrapped
2026-03-10 11:08:27.584812+0000	DEBUG	            bfd/session.go:437	Transitioned from state Down to state Up on event Init
2026-03-10 11:08:27.586541+0000	DEBUG	            bfd/session.go:437	Transitioned from state Init to state Up on event Init
2026-03-10 11:08:27.591478+0000	DEBUG	            bfd/session.go:231	Bootstrapped
2026-03-10 11:08:27.593084+0000	DEBUG	            bfd/session.go:437	Transitioned from state Down to state Up on event Init
2026-03-10 11:08:27.595092+0000	DEBUG	            bfd/session.go:231	Bootstrapped
2026-03-10 11:08:27.595755+0000	DEBUG	            bfd/session.go:437	Transitioned from state Down to state Up on event Init
2026-03-10 11:08:27.599773+0000	DEBUG	            bfd/session.go:231	Bootstrapped
2026-03-10 11:08:27.601561+0000	DEBUG	            bfd/session.go:437	Transitioned from state Down to state Up on event Init
2026-03-10 11:08:27.743575+0000	DEBUG	            bfd/session.go:437	Transitioned from state Init to state Up on event Up
2026-03-10 11:10:22.547095+0000	DEBUG	       router/dataplane.go:772	Error while reading batch	{"interfaceID": 2, "err": "read udp 10.0.2.11:50008: recvmmsg: connection refused"}
2026-03-10 11:10:22.650110+0000	DEBUG	       router/dataplane.go:772	Error while reading batch	{"interfaceID": 1, "err": "read udp 10.0.2.11:50002: recvmmsg: connection refused"}
2026-03-10 11:10:22.725180+0000	DEBUG	       router/dataplane.go:772	Error while reading batch	{"interfaceID": 2, "err": "read udp 10.0.2.11:50008: recvmmsg: connection refused"}
10:37:13.753217+0000	DEBUG	       router/dataplane.go:772	Error while reading batch	{"interfaceID": 2, "err": "read udp 10.0.2.11:50008: recvmmsg: connection refused"}
2026-03-10 10:37:13.772930+0000	DEBUG	            bfd/session.go:231	Bootstrapped
2026-03-10 10:37:13.772962+0000	DEBUG	            bfd/session.go:437	Transitioned from state Down to state Init on event Down
2026-03-10 10:37:13.906242+0000	DEBUG	      router/dataplane.go:1775	SCMP response	{"cause": "bfd session down"}
2026-03-10 10:37:13.906738+0000	DEBUG	      router/dataplane.go:2597	scmp	{"typecode": "ExternalInterfaceDown"}
2026-03-10 10:37:13.963779+0000	DEBUG	            bfd/session.go:437	Transitioned from state Init to state Up on event Up
2026-03-10 10:37:14.013923+0000	DEBUG	            bfd/session.go:437	Transitioned from state Init to state Up on event Up
2026-03-10 10:37:14.013964+0000	DEBUG	            bfd/session.go:231	Bootstrapped
2026-03-10 10:37:14.013974+0000	DEBUG	            bfd/session.go:437	Transitioned from state Down to state Init on event Down
2026-03-10 10:37:14.044939+0000	DEBUG	            bfd/session.go:437	Transitioned from state Init to state Up on event Up
2026-03-10 10:37:14.069688+0000	DEBUG	            bfd/session.go:437	Transitioned from state Init to state Up on event Up
2026-03-10 10:37:14.098527+0000	DEBUG	            bfd/session.go:437	Transitioned from state Init to state Up on event Up
2026-03-10 10:37:14.140844+0000	DEBUG	            bfd/session.go:437	Transitioned from state Init to state Up on event Up
2026-03-10 10:37:14.337085+0000	DEBUG	            bfd/session.go:437	Transitioned from state Init to state Up on event Up
2026-03-10 10:37:14.575179+0000	DEBUG	       router/dataplane.go:772	Error while reading batch	{"interfaceID": 2, "err": "read udp 10.0.2.11:50008: recvmmsg: connection refused"}
2026-03-10 10:37:14.575714+0000	DEBUG	       router/dataplane.go:772	Error while reading batch	{"interfaceID": 4, "err": "read udp 10.0.2.11:50018: recvmmsg: connection refused"}
2026-03-10 10:37:14.759376+0000	DEBUG	            bfd/session.go:231	Bootstrapped
2026-03-10 10:37:14.759427+0000	DEBUG	            bfd/session.go:437	Transitioned from state Down to state Up on event Init
2026-03-10 10:37:15.359197+0000	DEBUG	      router/dataplane.go:1775	SCMP response	{"cause": "bfd session down"}
2026-03-10 10:37:15.359242+0000	DEBUG	      router/dataplane.go:2597	scmp	{"typecode": "ExternalInterfaceDown"}
2026-03-10 10:37:15.382376+0000	DEBUG	      router/dataplane.go:1775	SCMP response	{"cause": "bfd session down"}
2026-03-10 10:37:15.382430+0000	DEBUG	      router/dataplane.go:2597	scmp	{"typecode": "ExternalInterfaceDown"}
2026-03-10 10:37:15.529015+0000	DEBUG	            bfd/session.go:231	Bootstrapped
2026-03-10 10:37:15.529090+0000	DEBUG	            bfd/session.go:437	Transitioned from state Down to state Up on event Init
2026-03-10 10:37:15.591794+0000	DEBUG	            bfd/session.go:231	Bootstrapped
2026-03-10 10:37:15.591983+0000	DEBUG	            bfd/session.go:437	Transitioned from state Down to state Up on event Init
2026-03-10 10:37:51.788628+0000	DEBUG	            bfd/session.go:437	Transitioned from state Up to state Down on event Down
2026-03-10 10:37:51.863251+0000	DEBUG	      router/dataplane.go:1775	SCMP response	{"cause": "bfd session down"}
2026-03-10 10:37:51.864033+0000	DEBUG	      router/dataplane.go:1775	SCMP response	{"cause": "bfd session down"}
2026-03-10 10:37:51.914124+0000	DEBUG	      router/dataplane.go:2597	scmp	{"typecode": "ExternalInterfaceDown"}
2026-03-10 10:37:51.978874+0000	DEBUG	      router/dataplane.go:1775	SCMP response	{"cause": "bfd session down"}
2026-03-10 10:37:51.978929+0000	DEBUG	      router/dataplane.go:1775	SCMP response	{"cause": "bfd session down"}
2026-03-10 10:37:51.979305+0000	DEBUG	      router/dataplane.go:2597	scmp	{"typecode": "ExternalInterfaceDown"}
2026-03-10 10:37:51.979418+0000	DEBUG	      router/dataplane.go:2597	scmp	{"typecode": "ExternalInterfaceDown"}
2026-03-10 10:37:51.979447+0000	DEBUG	      router/dataplane.go:2597	scmp	{"typecode": "ExternalInterfaceDown"}
2026-03-10 10:37:52.087162+0000	DEBUG	      router/dataplane.go:1775	SCMP response	{"cause": "bfd session down"}
2026-03-10 10:37:52.097270+0000	DEBUG	      router/dataplane.go:2597	scmp	{"typecode": "ExternalInterfaceDown"}
2026-03-10 10:37:52.187956+0000	DEBUG	            bfd/session.go:437	Transitioned from state Down to state Up on event Init
2026-03-10 10:39:23.992403+0000	DEBUG	            bfd/session.go:437	Transitioned from state Up to state Down on event Timer
2026-03-10 10:39:24.040134+0000	DEBUG	       router/dataplane.go:772	Error while reading batch	{"interfaceID": 3, "err": "read udp 10.0.2.11:50013: recvmmsg: connection refused"}
2026-03-10 10:39:24.062196+0000	DEBUG	       router/dataplane.go:772	Error while reading batch	{"interfaceID": 8, "err": "read udp 10.0.2.11:51201: recvmmsg: connection refused"}
2026-03-10 10:39:24.105259+0000	DEBUG	       router/dataplane.go:772	Error while reading batch	{"interfaceID": 6, "err": "read udp 10.0.2.11:50020: recvmmsg: connection refused"}
2026-03-10 10:39:24.105324+0000	DEBUG	       router/dataplane.go:772	Error while reading batch	{"interfaceID": 5, "err": "read udp 10.0.2.11:50019: recvmmsg: connection refused"}
2026-03-10 10:39:24.107772+0000	DEBUG	       router/dataplane.go:772	Error while reading batch	{"interfaceID": 5, "err": "read udp 10.0.2.11:50019: recvmmsg: connection refused"}
 21:55:43.987213+0000	DEBUG	            bfd/session.go:437	Transitioned from state Up to state Down on event Timer
2026-03-08 21:55:44.014891+0000	DEBUG	       router/dataplane.go:772	Error while reading batch	{"interfaceID": 3, "err": "read udp 10.0.2.11:50013: recvmmsg: connection refused"}
2026-03-08 21:55:44.340563+0000	DEBUG	       router/dataplane.go:772	Error while reading batch	{"interfaceID": 8, "err": "read udp 10.0.2.11:51201: recvmmsg: connection refused"}
2026-03-08 21:55:44.609154+0000	DEBUG	       router/dataplane.go:772	Error while reading batch	{"interfaceID": 8, "err": "read udp 10.0.2.11:51201: recvmmsg: connection refused"}
2026-03-08 21:55:44.671543+0000	DEBUG	            bfd/session.go:437	Transitioned from state Up to state Down on event Timer
2026-03-08 21:55:44.783811+0000	DEBUG	       router/dataplane.go:772	Error while reading batch	{"interfaceID": 8, "err": "read udp 10.0.2.11:51201: recvmmsg: connection refused"}
lane.go:2597	scmp	{"typecode": "ExternalInterfaceDown"}
2026-03-08 21:51:15.008989+0000	DEBUG	            bfd/session.go:231	Bootstrapped
2026-03-08 21:51:15.009177+0000	DEBUG	            bfd/session.go:437	Transitioned from state Down to state Up on event Init
G	            bfd/session.go:437	Transitioned from state Up to state Down on event Timer
2026-03-08 21:04:38.206538+0000	DEBUG	       router/dataplane.go:772	Error while reading batch	{"interfaceID": 9, "err": "read udp 10.0.2.11:51211: recvmmsg: connection refused"}
t on event Down
2026-03-08 20:57:34.912234+0000	DEBUG	            bfd/session.go:437	Transitioned from state Up to state Down on event Timer
2026-03-08 20:57:34.936183+0000	DEBUG	      router/dataplane.go:1775	SCMP response	{"cause": "bfd session down"}
2026-03-08 20:57:34.936211+0000	DEBUG	      router/dataplane.go:1775	SCMP response	{"cause": "bfd session down"}
2026-03-08 20:57:34.936217+0000	DEBUG	      router/dataplane.go:1775	SCMP response	{"cause": "bfd session down"}
2026-03-08 20:57:34.936222+0000	DEBUG	      router/dataplane.go:1775	SCMP response	{"cause": "bfd session down"}
2026-03-08 20:57:34.936226+0000	DEBUG	      router/dataplane.go:1775	SCMP response	{"cause": "bfd session down"}
2026-03-08 20:57:34.936231+0000	DEBUG	      router/dataplane.go:1775	SCMP response	{"cause": "bfd session down"}
2026-03-08 20:57:34.936242+0000	DEBUG	            bfd/session.go:437	Transitioned from state Up to state Down on event Down
2026-03-08 20:57:34.936345+0000	DEBUG	            bfd/session.go:231	Bootstrapped
2026-03-08 20:57:34.936360+0000	DEBUG	            bfd/session.go:231	Bootstrapped
2026-03-08 20:57:34.936372+0000	DEBUG	      router/dataplane.go:2597	scmp	{"typecode": "ExternalInterfaceDown"}
2026-03-08 20:57:34.952980+0000	DEBUG	      router/dataplane.go:2597	scmp	{"typecode": "ExternalInterfaceDown"}
2026-03-08 20:57:34.953001+0000	DEBUG	      router/dataplane.go:2597	scmp	{"typecode": "ExternalInterfaceDown"}
2026-03-08 20:57:34.953009+0000	DEBUG	      router/dataplane.go:2597	scmp	{"typecode": "ExternalInterfaceDown"}
2026-03-08 20:57:34.953015+0000	DEBUG	      router/dataplane.go:2597	scmp	{"typecode": "ExternalInterfaceDown"}
2026-03-08 20:57:34.953022+0000	DEBUG	      router/dataplane.go:2597	scmp	{"typecode": "ExternalInterfaceDown"}
2026-03-08 20:57:34.942623+0000	DEBUG	            bfd/session.go:437	Transitioned from state Up to state Down on event Timer
2026-03-08 20:57:34.953304+0000	DEBUG	            bfd/session.go:231	Bootstrapped
2026-03-08 20:57:34.953382+0000	DEBUG	      router/dataplane.go:1775	SCMP response	{"cause": "bfd session down"}
2026-03-08 20:57:34.953417+0000	DEBUG	      router/dataplane.go:1775	SCMP response	{"cause": "bfd session down"}
2026-03-08 20:57:34.953430+0000	DEBUG	      router/dataplane.go:2597	scmp	{"typecode": "ExternalInterfaceDown"}
2026-03-08 20:57:34.953444+0000	DEBUG	      router/dataplane.go:2597	scmp	{"typecode": "ExternalInterfaceDown"}
2026-03-08 20:57:34.955149+0000	DEBUG	      router/dataplane.go:1775	SCMP response	{"cause": "bfd session down"}
2026-03-08 20:57:34.955178+0000	DEBUG	      router/dataplane.go:1775	SCMP response	{"cause": "bfd session down"}
2026-03-08 20:57:34.955185+0000	DEBUG	      router/dataplane.go:1775	SCMP response	{"cause": "bfd session down"}
2026-03-08 20:57:34.955191+0000	DEBUG	      router/dataplane.go:1775	SCMP response	{"cause": "bfd session down"}
2026-03-08 20:57:34.955196+0000	DEBUG	      router/dataplane.go:1775	SCMP response	{"cause": "bfd session down"}
2026-03-08 20:57:34.955201+0000	DEBUG	      router/dataplane.go:1775	SCMP response	{"cause": "bfd session down"}
2026-03-08 20:57:34.955246+0000	DEBUG	      router/dataplane.go:2597	scmp	{"typecode": "ExternalInterfaceDown"}
2026-03-08 20:57:34.955257+0000	DEBUG	      router/dataplane.go:2597	scmp	{"typecode": "ExternalInterfaceDown"}
2026-03-08 20:57:34.955263+0000	DEBUG	      router/dataplane.go:2597	scmp	{"typecode": "ExternalInterfaceDown"}
2026-03-08 20:57:34.955269+0000	DEBUG	      router/dataplane.go:2597	scmp	{"typecode": "ExternalInterfaceDown"}
2026-03-08 20:57:34.955275+0000	DEBUG	      router/dataplane.go:2597	scmp	{"typecode": "ExternalInterfaceDown"}
2026-03-08 20:57:34.955281+0000	DEBUG	      router/dataplane.go:2597	scmp	{"typecode": "ExternalInterfaceDown"}
2026-03-08 20:57:34.955286+0000	DEBUG	            bfd/session.go:231	Bootstrapped
2026-03-08 20:57:34.955550+0000	DEBUG	            bfd/session.go:437	Transitioned from state Down to state Init on event Down
2026-03-08 20:57:34.956606+0000	DEBUG	      router/dataplane.go:1775	SCMP response	{"cause": "bfd session down"}
2026-03-08 20:57:34.956625+0000	DEBUG	      router/dataplane.go:1775	SCMP response	{"cause": "bfd session down"}
2026-03-08 20:57:34.956630+0000	DEBUG	      router/dataplane.go:1775	SCMP response	{"cause": "bfd session down"}
2026-03-08 20:57:34.956635+0000	DEBUG	      router/dataplane.go:1775	SCMP response	{"cause": "bfd session down"}
2026-03-08 20:57:34.956639+0000	DEBUG	      router/dataplane.go:1775	SCMP response	{"cause": "bfd session down"}
2026-03-08 20:57:34.956643+0000	DEBUG	      router/dataplane.go:1775	SCMP response	{"cause": "bfd session down"}
2026-03-08 20:57:34.956785+0000	DEBUG	      router/dataplane.go:1775	SCMP response	{"cause": "bfd session down"}
2026-03-08 20:57:34.956803+0000	DEBUG	      router/dataplane.go:2597	scmp	{"typecode": "ExternalInterfaceDown"}
2026-03-08 20:57:34.956813+0000	DEBUG	      router/dataplane.go:2597	scmp	{"typecode": "ExternalInterfaceDown"}
2026-03-08 20:57:34.956819+0000	DEBUG	      router/dataplane.go:2597	scmp	{"typecode": "ExternalInterfaceDown"}
2026-03-08 20:57:34.956826+0000	DEBUG	      router/dataplane.go:2597	scmp	{"typecode": "ExternalInterfaceDown"}
2026-03-08 20:57:34.956832+0000	DEBUG	      router/dataplane.go:2597	scmp	{"typecode": "ExternalInterfaceDown"}
2026-03-08 20:57:34.956837+0000	DEBUG	      router/dataplane.go:2597	scmp	{"typecode": "ExternalInterfaceDown"}
2026-03-08 20:57:34.956843+0000	DEBUG	      router/dataplane.go:2597	scmp	{"typecode": "ExternalInterfaceDown"}
2026-03-08 20:57:34.956850+0000	DEBUG	      router/dataplane.go:1775	SCMP response	{"cause": "bfd session down"}
2026-03-08 20:57:34.956855+0000	DEBUG	      router/dataplane.go:1775	SCMP response	{"cause": "bfd session down"}
2026-03-08 20:57:34.956860+0000	DEBUG	      router/dataplane.go:1775	SCMP response	{"cause": "bfd session down"}
2026-03-08 20:57:34.956864+0000	DEBUG	      router/dataplane.go:1775	SCMP response	{"cause": "bfd session down"}
2026-03-08 20:57:34.956868+0000	DEBUG	      router/dataplane.go:2597	scmp	{"typecode": "ExternalInterfaceDown"}
2026-03-08 20:57:34.956875+0000	DEBUG	      router/dataplane.go:2597	scmp	{"typecode": "ExternalInterfaceDown"}
2026-03-08 20:57:34.956880+0000	DEBUG	      router/dataplane.go:2597	scmp	{"typecode": "ExternalInterfaceDown"}
2026-03-08 20:57:34.956885+0000	DEBUG	      router/dataplane.go:2597	scmp	{"typecode": "ExternalInterfaceDown"}
2026-03-08 20:57:34.956923+0000	DEBUG	            bfd/session.go:437	Transitioned from state Down to state Init on event Down
2026-03-08 20:57:34.964788+0000	DEBUG	      router/dataplane.go:1775	SCMP response	{"cause": "bfd session down"}
2026-03-08 20:57:34.964787+0000	DEBUG	      router/dataplane.go:1775	SCMP response	{"cause": "bfd session down"}
2026-03-08 20:57:34.966775+0000	DEBUG	      router/dataplane.go:1775	SCMP response	{"cause": "bfd session down"}
2026-03-08 20:57:34.966789+0000	DEBUG	      router/dataplane.go:1775	SCMP response	{"cause": "bfd session down"}
2026-03-08 20:57:34.966799+0000	DEBUG	      router/dataplane.go:2597	scmp	{"typecode": "ExternalInterfaceDown"}
2026-03-08 20:57:34.966809+0000	DEBUG	      router/dataplane.go:2597	scmp	{"typecode": "ExternalInterfaceDown"}
2026-03-08 20:57:34.966828+0000	DEBUG	      router/dataplane.go:2597	scmp	{"typecode": "ExternalInterfaceDown"}
2026-03-08 20:57:34.972748+0000	DEBUG	      router/dataplane.go:2597	scmp	{"typecode": "ExternalInterfaceDown"}
2026-03-08 20:57:34.972968+0000	DEBUG	      router/dataplane.go:1775	SCMP response	{"cause": "bfd session down"}
2026-03-08 20:57:34.974426+0000	DEBUG	      router/dataplane.go:2597	scmp	{"typecode": "ExternalInterfaceDown"}
2026-03-08 20:57:35.017253+0000	DEBUG	      router/dataplane.go:1775	SCMP response	{"cause": "bfd session down"}
2026-03-08 20:57:35.017304+0000	DEBUG	      router/dataplane.go:1775	SCMP response	{"cause": "bfd session down"}
2026-03-08 20:57:35.017314+0000	DEBUG	      router/dataplane.go:1775	SCMP response	{"cause": "bfd session down"}
2026-03-08 20:57:35.017321+0000	DEBUG	      router/dataplane.go:1775	SCMP response	{"cause": "bfd session down"}
2026-03-08 20:57:35.017337+0000	DEBUG	      router/dataplane.go:2597	scmp	{"typecode": "ExternalInterfaceDown"}
2026-03-08 20:57:35.017488+0000	DEBUG	      router/dataplane.go:2597	scmp	{"typecode": "ExternalInterfaceDown"}
2026-03-08 20:57:35.017512+0000	DEBUG	      router/dataplane.go:2597	scmp	{"typecode": "ExternalInterfaceDown"}
2026-03-08 20:57:35.017520+0000	DEBUG	      router/dataplane.go:2597	scmp	{"typecode": "ExternalInterfaceDown"}
2026-03-08 20:57:35.018939+0000	DEBUG	      router/dataplane.go:1775	SCMP response	{"cause": "bfd session down"}
2026-03-08 20:57:35.019313+0000	DEBUG	      router/dataplane.go:2597	scmp	{"typecode": "ExternalInterfaceDown"}
2026-03-08 20:57:35.019381+0000	DEBUG	      router/dataplane.go:1775	SCMP response	{"cause": "bfd session down"}
2026-03-08 20:57:35.019399+0000	DEBUG	      router/dataplane.go:2597	scmp	{"typecode": "ExternalInterfaceDown"}
2026-03-08 20:57:35.019560+0000	DEBUG	      router/dataplane.go:1775	SCMP response	{"cause": "bfd session down"}
2026-03-08 20:57:35.019578+0000	DEBUG	      router/dataplane.go:2597	scmp	{"typecode": "ExternalInterfaceDown"}
2026-03-08 20:57:35.019608+0000	DEBUG	      router/dataplane.go:1775	SCMP response	{"cause": "bfd session down"}
2026-03-08 20:57:35.019619+0000	DEBUG	      router/dataplane.go:1775	SCMP response	{"cause": "bfd session down"}
2026-03-08 20:57:35.019627+0000	DEBUG	      router/dataplane.go:1775	SCMP response	{"cause": "bfd session down"}
2026-03-08 20:57:35.019634+0000	DEBUG	      router/dataplane.go:1775	SCMP response	{"cause": "bfd session down"}
2026-03-08 20:57:35.019641+0000	DEBUG	      router/dataplane.go:1775	SCMP response	{"cause": "bfd session down"}
2026-03-08 20:57:35.019648+0000	DEBUG	      router/dataplane.go:1775	SCMP response	{"cause": "bfd session down"}
2026-03-08 20:57:35.019680+0000	DEBUG	      router/dataplane.go:1775	SCMP response	{"cause": "bfd session down"}
2026-03-08 20:57:35.019690+0000	DEBUG	      router/dataplane.go:2597	scmp	{"typecode": "ExternalInterfaceDown"}
2026-03-08 20:57:35.019704+0000	DEBUG	      router/dataplane.go:2597	scmp	{"typecode": "ExternalInterfaceDown"}
2026-03-08 20:57:35.019717+0000	DEBUG	      router/dataplane.go:2597	scmp	{"typecode": "ExternalInterfaceDown"}
2026-03-08 20:57:35.019727+0000	DEBUG	      router/dataplane.go:2597	scmp	{"typecode": "ExternalInterfaceDown"}
2026-03-08 20:57:35.019737+0000	DEBUG	      router/dataplane.go:2597	scmp	{"typecode": "ExternalInterfaceDown"}
2026-03-08 20:57:35.019746+0000	DEBUG	      router/dataplane.go:2597	scmp	{"typecode": "ExternalInterfaceDown"}
2026-03-08 20:57:35.019756+0000	DEBUG	      router/dataplane.go:2597	scmp	{"typecode": "ExternalInterfaceDown"}
2026-03-08 20:57:35.019868+0000	DEBUG	      router/dataplane.go:1775	SCMP response	{"cause": "bfd session down"}
2026-03-08 20:57:35.019881+0000	DEBUG	      router/dataplane.go:1775	SCMP response	{"cause": "bfd session down"}
2026-03-08 20:57:35.019892+0000	DEBUG	      router/dataplane.go:2597	scmp	{"typecode": "ExternalInterfaceDown"}
2026-03-08 20:57:35.019903+0000	DEBUG	      router/dataplane.go:2597	scmp	{"typecode": "ExternalInterfaceDown"}
2026-03-08 20:57:35.019941+0000	DEBUG	      router/dataplane.go:1775	SCMP response	{"cause": "bfd session down"}
2026-03-08 20:57:35.019950+0000	DEBUG	      router/dataplane.go:1775	SCMP response	{"cause": "bfd session down"}
2026-03-08 20:57:35.019954+0000	DEBUG	      router/dataplane.go:1775	SCMP response	{"cause": "bfd session down"}
2026-03-08 20:57:35.019958+0000	DEBUG	      router/dataplane.go:1775	SCMP response	{"cause": "bfd session down"}
2026-03-08 20:57:35.019962+0000	DEBUG	      router/dataplane.go:1775	SCMP response	{"cause": "bfd session down"}
2026-03-08 20:57:35.019965+0000	DEBUG	      router/dataplane.go:1775	SCMP response	{"cause": "bfd session down"}
2026-03-08 20:57:35.019969+0000	DEBUG	      router/dataplane.go:1775	SCMP response	{"cause": "bfd session down"}
2026-03-08 20:57:35.019974+0000	DEBUG	      router/dataplane.go:2597	scmp	{"typecode": "ExternalInterfaceDown"}
2026-03-08 20:57:35.019981+0000	DEBUG	      router/dataplane.go:2597	scmp	{"typecode": "ExternalInterfaceDown"}
2026-03-08 20:57:35.019988+0000	DEBUG	      router/dataplane.go:2597	scmp	{"typecode": "ExternalInterfaceDown"}
2026-03-08 20:57:35.019994+0000	DEBUG	      router/dataplane.go:2597	scmp	{"typecode": "ExternalInterfaceDown"}
2026-03-08 20:57:35.019999+0000	DEBUG	      router/dataplane.go:2597	scmp	{"typecode": "ExternalInterfaceDown"}
2026-03-08 20:57:35.020004+0000	DEBUG	      router/dataplane.go:2597	scmp	{"typecode": "ExternalInterfaceDown"}
2026-03-08 20:57:35.020008+0000	DEBUG	      router/dataplane.go:2597	scmp	{"typecode": "ExternalInterfaceDown"}
2026-03-08 20:57:35.024780+0000	DEBUG	      router/dataplane.go:1775	SCMP response	{"cause": "bfd session down"}
2026-03-08 20:57:35.024815+0000	DEBUG	      router/dataplane.go:1775	SCMP response	{"cause": "bfd session down"}
2026-03-08 20:57:35.024822+0000	DEBUG	      router/dataplane.go:1775	SCMP response	{"cause": "bfd session down"}
2026-03-08 20:57:35.024836+0000	DEBUG	      router/dataplane.go:2597	scmp	{"typecode": "ExternalInterfaceDown"}
2026-03-08 20:57:35.024847+0000	DEBUG	      router/dataplane.go:2597	scmp	{"typecode": "ExternalInterfaceDown"}
2026-03-08 20:57:35.024853+0000	DEBUG	      router/dataplane.go:2597	scmp	{"typecode": "ExternalInterfaceDown"}
2026-03-08 20:57:35.027317+0000	DEBUG	      router/dataplane.go:1775	SCMP response	{"cause": "bfd session down"}
2026-03-08 20:57:35.027356+0000	DEBUG	      router/dataplane.go:2597	scmp	{"typecode": "ExternalInterfaceDown"}
2026-03-08 20:57:35.031911+0000	DEBUG	            bfd/session.go:437	Transitioned from state Down to state Init on event Down
2026-03-08 20:57:35.085294+0000	DEBUG	            bfd/session.go:437	Transitioned from state Down to state Init on event Down
2026-03-08 20:57:35.120833+0000	DEBUG	            bfd/session.go:437	Transitioned from state Down to state Up on event Init
2026-03-08 20:57:35.164316+0000	DEBUG	      router/dataplane.go:1775	SCMP response	{"cause": "bfd session down"}
2026-03-08 20:57:35.164359+0000	DEBUG	      router/dataplane.go:2597	scmp	{"typecode": "ExternalInterfaceDown"}
2026-03-08 20:57:35.164493+0000	DEBUG	      router/dataplane.go:1775	SCMP response	{"cause": "bfd session down"}
2026-03-08 20:57:35.164515+0000	DEBUG	      router/dataplane.go:2597	scmp	{"typecode": "ExternalInterfaceDown"}
2026-03-08 20:57:35.174322+0000	DEBUG	      router/dataplane.go:1775	SCMP response	{"cause": "bfd session down"}
2026-03-08 20:57:35.174373+0000	DEBUG	      router/dataplane.go:2597	scmp	{"typecode": "ExternalInterfaceDown"}
2026-03-08 20:57:35.174827+0000	DEBUG	      router/dataplane.go:1775	SCMP response	{"cause": "bfd session down"}
2026-03-08 20:57:35.174854+0000	DEBUG	      router/dataplane.go:2597	scmp	{"typecode": "ExternalInterfaceDown"}
2026-03-08 20:57:35.216194+0000	DEBUG	            bfd/session.go:437	Transitioned from state Down to state Up on event Init
2026-03-08 20:57:35.256734+0000	DEBUG	            bfd/session.go:437	Transitioned from state Down to state Up on event Init
2026-03-08 20:57:35.276615+0000	DEBUG	            bfd/session.go:437	Transitioned from state Init to state Up on event Up
2026-03-08 20:57:35.292124+0000	DEBUG	      router/dataplane.go:1775	SCMP response	{"cause": "bfd session down"}
2026-03-08 20:57:35.292168+0000	DEBUG	      router/dataplane.go:1775	SCMP response	{"cause": "bfd session down"}
2026-03-08 20:57:35.292191+0000	DEBUG	      router/dataplane.go:2597	scmp	{"typecode": "ExternalInterfaceDown"}
2026-03-08 20:57:35.292256+0000	DEBUG	      router/dataplane.go:2597	scmp	{"typecode": "ExternalInterfaceDown"}
2026-03-08 20:57:35.292388+0000	DEBUG	            bfd/session.go:437	Transitioned from state Init to state Up on event Up
2026-03-08 20:57:35.311256+0000	DEBUG	            bfd/session.go:437	Transitioned from state Init to state Up on event Up
2026-03-08 20:57:35.353790+0000	DEBUG	      router/dataplane.go:1775	SCMP response	{"cause": "bfd session down"}
2026-03-08 20:57:35.353839+0000	DEBUG	      router/dataplane.go:2597	scmp	{"typecode": "ExternalInterfaceDown"}
2026-03-08 20:57:35.355131+0000	DEBUG	      router/dataplane.go:1775	SCMP response	{"cause": "bfd session down"}
2026-03-08 20:57:35.355156+0000	DEBUG	      router/dataplane.go:2597	scmp	{"typecode": "ExternalInterfaceDown"}
2026-03-08 20:57:35.385609+0000	DEBUG	            bfd/session.go:437	Transitioned from state Init to state Up on event Up
2026-03-08 20:57:35.443945+0000	DEBUG	            bfd/session.go:437	Transitioned from state Init to state Up on event Up
2026-03-08 20:58:56.275998+0000	DEBUG	            bfd/session.go:437	Transitioned from state Up to state Down on event Down
2026-03-08 20:58:56.555626+0000	DEBUG	            bfd/session.go:437	Transitioned from state Down to state Up on event Init
2026-03-08 20:59:25.828782+0000	DEBUG	            bfd/session.go:437	Transitioned from state Up to state Down on event Timer
2026-03-08 20:59:25.828989+0000	DEBUG	            bfd/session.go:231	Bootstrapped
2026-03-08 20:59:25.915173+0000	DEBUG	            bfd/session.go:437	Transitioned from state Down to state Init on event Down
2026-03-08 20:59:26.288315+0000	DEBUG	            bfd/session.go:437	Transitioned from state Init to state Up on event Up
2026-03-08 21:00:29.068363+0000	DEBUG	            bfd/session.go:437	Transitioned from state Up to state Down on event Timer
2026-03-08 21:00:29.078132+0000	DEBUG	      router/dataplane.go:1775	SCMP response	{"cause": "bfd session down"}
2026-03-08 21:00:29.078188+0000	DEBUG	      router/dataplane.go:1775	SCMP response	{"cause": "bfd session down"}
2026-03-08 21:00:29.078196+0000	DEBUG	      router/dataplane.go:1775	SCMP response	{"cause": "bfd session down"}
2026-03-08 21:00:29.078202+0000	DEBUG	      router/dataplane.go:1775	SCMP response	{"cause": "bfd session down"}
2026-03-08 21:00:29.078223+0000	DEBUG	      router/dataplane.go:2597	scmp	{"typecode": "ExternalInterfaceDown"}
2026-03-08 21:00:29.078367+0000	DEBUG	      router/dataplane.go:2597	scmp	{"typecode": "ExternalInterfaceDown"}
2026-03-08 21:00:29.078377+0000	DEBUG	      router/dataplane.go:2597	scmp	{"typecode": "ExternalInterfaceDown"}
2026-03-08 21:00:29.078384+0000	DEBUG	      router/dataplane.go:2597	scmp	{"typecode": "ExternalInterfaceDown"}
2026-03-08 21:00:29.117312+0000	DEBUG	      router/dataplane.go:1775	SCMP response	{"cause": "bfd session down"}
2026-03-08 21:00:29.117358+0000	DEBUG	      router/dataplane.go:1775	SCMP response	{"cause": "bfd session down"}
2026-03-08 21:00:29.117367+0000	DEBUG	      router/dataplane.go:1775	SCMP response	{"cause": "bfd session down"}
2026-03-08 21:00:29.117373+0000	DEBUG	      router/dataplane.go:1775	SCMP response	{"cause": "bfd session down"}
2026-03-08 21:00:29.117378+0000	DEBUG	      router/dataplane.go:1775	SCMP response	{"cause": "bfd session down"}
2026-03-08 21:00:29.117385+0000	DEBUG	      router/dataplane.go:1775	SCMP response	{"cause": "bfd session down"}
2026-03-08 21:00:29.117391+0000	DEBUG	      router/dataplane.go:1775	SCMP response	{"cause": "bfd session down"}
2026-03-08 21:00:29.117518+0000	DEBUG	      router/dataplane.go:2597	scmp	{"typecode": "ExternalInterfaceDown"}
2026-03-08 21:00:29.117549+0000	DEBUG	      router/dataplane.go:2597	scmp	{"typecode": "ExternalInterfaceDown"}
2026-03-08 21:00:29.117558+0000	DEBUG	      router/dataplane.go:2597	scmp	{"typecode": "ExternalInterfaceDown"}
2026-03-08 21:00:29.117564+0000	DEBUG	      router/dataplane.go:2597	scmp	{"typecode": "ExternalInterfaceDown"}
2026-03-08 21:00:29.117571+0000	DEBUG	      router/dataplane.go:2597	scmp	{"typecode": "ExternalInterfaceDown"}
2026-03-08 21:00:29.117577+0000	DEBUG	      router/dataplane.go:2597	scmp	{"typecode": "ExternalInterfaceDown"}
2026-03-08 21:00:29.117582+0000	DEBUG	      router/dataplane.go:2597	scmp	{"typecode": "ExternalInterfaceDown"}
2026-03-08 21:00:29.124626+0000	DEBUG	            bfd/session.go:231	Bootstrapped
2026-03-08 21:00:29.124989+0000	DEBUG	      router/dataplane.go:1775	SCMP response	{"cause": "bfd session down"}
2026-03-08 21:00:29.125025+0000	DEBUG	      router/dataplane.go:1775	SCMP response	{"cause": "bfd session down"}
2026-03-08 21:00:29.125032+0000	DEBUG	      router/dataplane.go:1775	SCMP response	{"cause": "bfd session down"}
2026-03-08 21:00:29.125036+0000	DEBUG	      router/dataplane.go:1775	SCMP response	{"cause": "bfd session down"}
2026-03-08 21:00:29.125895+0000	DEBUG	      router/dataplane.go:2597	scmp	{"typecode": "ExternalInterfaceDown"}
2026-03-08 21:00:29.125923+0000	DEBUG	      router/dataplane.go:2597	scmp	{"typecode": "ExternalInterfaceDown"}
2026-03-08 21:00:29.125932+0000	DEBUG	      router/dataplane.go:2597	scmp	{"typecode": "ExternalInterfaceDown"}
2026-03-08 21:00:29.125938+0000	DEBUG	      router/dataplane.go:2597	scmp	{"typecode": "ExternalInterfaceDown"}
2026-03-08 21:00:29.185647+0000	DEBUG	      router/dataplane.go:1775	SCMP response	{"cause": "bfd session down"}
2026-03-08 21:00:29.185669+0000	DEBUG	      router/dataplane.go:1775	SCMP response	{"cause": "bfd session down"}
2026-03-08 21:00:29.185778+0000	DEBUG	      router/dataplane.go:2597	scmp	{"typecode": "ExternalInterfaceDown"}
2026-03-08 21:00:29.185808+0000	DEBUG	      router/dataplane.go:2597	scmp	{"typecode": "ExternalInterfaceDown"}
2026-03-08 21:00:29.291869+0000	DEBUG	      router/dataplane.go:1775	SCMP response	{"cause": "bfd session down"}
2026-03-08 21:00:29.291910+0000	DEBUG	      router/dataplane.go:1775	SCMP response	{"cause": "bfd session down"}
2026-03-08 21:00:29.291917+0000	DEBUG	      router/dataplane.go:1775	SCMP response	{"cause": "bfd session down"}
2026-03-08 21:00:29.291921+0000	DEBUG	      router/dataplane.go:1775	SCMP response	{"cause": "bfd session down"}
2026-03-08 21:00:29.291936+0000	DEBUG	      router/dataplane.go:2597	scmp	{"typecode": "ExternalInterfaceDown"}
2026-03-08 21:00:29.291947+0000	DEBUG	      router/dataplane.go:2597	scmp	{"typecode": "ExternalInterfaceDown"}
2026-03-08 21:00:29.291955+0000	DEBUG	      router/dataplane.go:2597	scmp	{"typecode": "ExternalInterfaceDown"}
2026-03-08 21:00:29.291960+0000	DEBUG	      router/dataplane.go:2597	scmp	{"typecode": "ExternalInterfaceDown"}
2026-03-08 21:00:29.408259+0000	DEBUG	      router/dataplane.go:1775	SCMP response	{"cause": "bfd session down"}
2026-03-08 21:00:29.409459+0000	DEBUG	      router/dataplane.go:1775	SCMP response	{"cause": "bfd session down"}
2026-03-08 21:00:29.409553+0000	DEBUG	      router/dataplane.go:2597	scmp	{"typecode": "ExternalInterfaceDown"}
2026-03-08 21:00:29.409579+0000	DEBUG	      router/dataplane.go:2597	scmp	{"typecode": "ExternalInterfaceDown"}
2026-03-08 21:00:29.410145+0000	DEBUG	            bfd/session.go:437	Transitioned from state Down to state Init on event Down
2026-03-08 21:00:29.673306+0000	DEBUG	      router/dataplane.go:1775	SCMP response	{"cause": "bfd session down"}
2026-03-08 21:00:29.673346+0000	DEBUG	      router/dataplane.go:1775	SCMP response	{"cause": "bfd session down"}
2026-03-08 21:00:29.673364+0000	DEBUG	      router/dataplane.go:2597	scmp	{"typecode": "ExternalInterfaceDown"}
2026-03-08 21:00:29.673376+0000	DEBUG	      router/dataplane.go:2597	scmp	{"typecode": "ExternalInterfaceDown"}
2026-03-08 21:00:29.676177+0000	DEBUG	      router/dataplane.go:1775	SCMP response	{"cause": "bfd session down"}
2026-03-08 21:00:29.676226+0000	DEBUG	      router/dataplane.go:2597	scmp	{"typecode": "ExternalInterfaceDown"}
2026-03-08 21:00:29.676298+0000	DEBUG	      router/dataplane.go:1775	SCMP response	{"cause": "bfd session down"}
2026-03-08 21:00:29.676319+0000	DEBUG	      router/dataplane.go:2597	scmp	{"typecode": "ExternalInterfaceDown"}
2026-03-08 21:00:29.676981+0000	DEBUG	      router/dataplane.go:1775	SCMP response	{"cause": "bfd session down"}
2026-03-08 21:00:29.677001+0000	DEBUG	      router/dataplane.go:2597	scmp	{"typecode": "ExternalInterfaceDown"}
2026-03-08 21:00:29.677284+0000	DEBUG	      router/dataplane.go:1775	SCMP response	{"cause": "bfd session down"}
2026-03-08 21:00:29.677302+0000	DEBUG	      router/dataplane.go:2597	scmp	{"typecode": "ExternalInterfaceDown"}
2026-03-08 21:00:29.767928+0000	DEBUG	            bfd/session.go:437	Transitioned from state Init to state Up on event Up
2026-03-08 21:01:05.156693+0000	DEBUG	       router/dataplane.go:772	Error while reading batch	{"interfaceID": 9, "err": "read udp 10.0.2.11:51211: recvmmsg: connection refused"}
2026-03-08 21:01:05.332774+0000	DEBUG	       router/dataplane.go:772	Error while reading batch	{"interfaceID": 9, "err": "read udp 10.0.2.11:51211: recvmmsg: connection refused"}
2026-03-08 21:01:05.339831+0000	DEBUG	       router/dataplane.go:772	Error while reading batch	{"interfaceID": 6, "err": "read udp 10.0.2.11:50020: recvmmsg: connection refused"}
2026-03-08 21:01:05.382300+0000	DEBUG	            bfd/session.go:437	Transitioned from state Up to state Down on event Timer
2026-03-08 21:01:05.500040+0000	DEBUG	       router/dataplane.go:772	Error while reading batch	{"interfaceID": 6, "err": "read udp 10.0.2.11:50020: recvmmsg: connection refused"}
2026-03-08 21:01:05.500089+0000	DEBUG	       router/dataplane.go:772	Error while reading batch	{"interfaceID": 9, "err": "read udp 10.0.2.11:51211: recvmmsg: connection refused"}
2026-03-08 21:01:05.636544+0000	DEBUG	            bfd/session.go:437	Transitioned from state Up to state Down on event Timer
2026-03-08 21:01:05.809448+0000	DEBUG	       router/dataplane.go:772	Error while reading batch	{"interfaceID": 6, "err": "read udp 10.0.2.11:50020: recvmmsg: connection refused"}
2026-03-08 21:01:05.862459+0000	DEBUG	       router/dataplane.go:772	Error while reading batch	{"interfaceID": 7, "err": "read udp 10.0.2.11:50021: recvmmsg: connection refused"}
