2026-03-10 11:08:26.122452+0000	INFO	             env/logging.go:42	=====================> Service started SCION Router br-1
  Scion version: 

  pid:           37
  euid/egid:     0 0
  cmd line:      ["bin/router" "--config" "/root/escenario/ISD1/AS111/config/tmp/br1-tmp.toml"]

2026-03-10 11:08:26.163843+0000	INFO	               json/json.go:48	topology.json; ignoring deprecated attribute value	{"value": "authoritative"}
2026-03-10 11:08:26.165613+0000	INFO	               json/json.go:48	topology.json; ignoring deprecated attribute value	{"value": "issuing"}
2026-03-10 11:08:26.168280+0000	INFO	               json/json.go:48	topology.json; ignoring deprecated attribute value	{"value": "voting"}
2026-03-10 11:08:26.248635+0000	DEBUG	          control/iactx.go:111	Configuring Dataplane
2026-03-10 11:08:26.252595+0000	DEBUG	        router/connector.go:54	CreateIACtx	{"isd_as": "1-111"}
2026-03-10 11:08:26.258697+0000	DEBUG	       router/connector.go:169	Setting key	{"isd_as": "1-111", "index": 0}
2026-03-10 11:08:26.262131+0000	DEBUG	        router/connector.go:66	Adding internal interface	{"isd_as": "1-111", "local": "10.0.1.11:30001"}
2026-03-10 11:08:26.268788+0000	DEBUG	        router/connector.go:89	Adding external interface	{"interface": "1", "local_isd_as": "1-111", "local_addr": "10.0.1.11:50000", "remote_isd_as": "1-110", "remote_addr": "10.0.1.10:50000", "owned": true, "link_bfd_configured": false, "link_bfd_enabled": true, "dataplane_bfd_enabled": true}
2026-03-10 11:08:26.280291+0000	DEBUG	        router/connector.go:89	Adding external interface	{"interface": "2", "local_isd_as": "1-111", "local_addr": "10.0.1.11:50007", "remote_isd_as": "2-210", "remote_addr": "10.0.2.10:50007", "owned": true, "link_bfd_configured": false, "link_bfd_enabled": true, "dataplane_bfd_enabled": true}
2026-03-10 11:08:26.281473+0000	DEBUG	        router/connector.go:89	Adding external interface	{"interface": "3", "local_isd_as": "1-111", "local_addr": "10.0.1.11:50008", "remote_isd_as": "2-211", "remote_addr": "10.0.2.11:50008", "owned": true, "link_bfd_configured": false, "link_bfd_enabled": true, "dataplane_bfd_enabled": true}
2026-03-10 11:08:26.282603+0000	DEBUG	        router/connector.go:89	Adding external interface	{"interface": "4", "local_isd_as": "1-111", "local_addr": "10.0.1.11:50009", "remote_isd_as": "3-310", "remote_addr": "10.0.3.10:50009", "owned": true, "link_bfd_configured": false, "link_bfd_enabled": true, "dataplane_bfd_enabled": true}
2026-03-10 11:08:26.293821+0000	DEBUG	        router/connector.go:89	Adding external interface	{"interface": "5", "local_isd_as": "1-111", "local_addr": "10.0.1.11:50010", "remote_isd_as": "3-311", "remote_addr": "10.0.3.11:50010", "owned": true, "link_bfd_configured": false, "link_bfd_enabled": true, "dataplane_bfd_enabled": true}
2026-03-10 11:08:26.294423+0000	DEBUG	        router/connector.go:89	Adding external interface	{"interface": "6", "local_isd_as": "1-111", "local_addr": "10.0.1.11:50011", "remote_isd_as": "4-410", "remote_addr": "10.0.4.10:50011", "owned": true, "link_bfd_configured": false, "link_bfd_enabled": true, "dataplane_bfd_enabled": true}
2026-03-10 11:08:26.306520+0000	DEBUG	        router/connector.go:89	Adding external interface	{"interface": "7", "local_isd_as": "1-111", "local_addr": "10.0.1.11:50012", "remote_isd_as": "4-411", "remote_addr": "10.0.4.11:50012", "owned": true, "link_bfd_configured": false, "link_bfd_enabled": true, "dataplane_bfd_enabled": true}
2026-03-10 11:08:26.314804+0000	DEBUG	        router/connector.go:89	Adding external interface	{"interface": "8", "local_isd_as": "1-111", "local_addr": "10.0.1.11:51101", "remote_isd_as": "1-112", "remote_addr": "10.0.1.12:51101", "owned": true, "link_bfd_configured": false, "link_bfd_enabled": true, "dataplane_bfd_enabled": true}
2026-03-10 11:08:26.315858+0000	DEBUG	        router/connector.go:89	Adding external interface	{"interface": "9", "local_isd_as": "1-111", "local_addr": "10.0.1.11:51111", "remote_isd_as": "1-113", "remote_addr": "10.0.1.13:51111", "owned": true, "link_bfd_configured": false, "link_bfd_enabled": true, "dataplane_bfd_enabled": true}
2026-03-10 11:08:26.316589+0000	DEBUG	        router/connector.go:89	Adding external interface	{"interface": "10", "local_isd_as": "1-111", "local_addr": "10.0.1.11:51121", "remote_isd_as": "1-114", "remote_addr": "10.0.1.14:51121", "owned": true, "link_bfd_configured": false, "link_bfd_enabled": true, "dataplane_bfd_enabled": true}
2026-03-10 11:08:26.320109+0000	DEBUG	       router/connector.go:147	Adding service	{"isd_as": "1-111", "svc": "DS", "address": "10.0.1.11:30254"}
2026-03-10 11:08:26.321243+0000	DEBUG	       router/connector.go:147	Adding service	{"isd_as": "1-111", "svc": "CS", "address": "10.0.1.11:30254"}
2026-03-10 11:08:26.325865+0000	DEBUG	       router/connector.go:245	Endhost port range configuration	{"startPort": 30000, "endPort": 32767}
2026-03-10 11:08:26.328356+0000	DEBUG	          control/iactx.go:119	Dataplane configured successfully	{"config": "{IA: 1-111, BR.Name: br-1"}
2026-03-10 11:08:26.336847+0000	INFO	                env/env.go:201	Exporting prometheus metrics	{"addr": "127.0.0.1:30401"}
2026-03-10 11:08:26.473500+0000	DEBUG	       router/dataplane.go:678	Initialize packet pool of size	{"poolSize": 11738}
2026-03-10 11:08:26.509423+0000	DEBUG	       router/dataplane.go:709	Run receiver for	{"interface": 7}
2026-03-10 11:08:26.509249+0000	DEBUG	       router/dataplane.go:709	Run receiver for	{"interface": 8}
2026-03-10 11:08:26.509783+0000	DEBUG	       router/dataplane.go:709	Run receiver for	{"interface": 0}
2026-03-10 11:08:26.509832+0000	DEBUG	      router/dataplane.go:1036	Initialize forwarder for	{"interface": 0}
2026-03-10 11:08:26.509847+0000	DEBUG	       router/dataplane.go:709	Run receiver for	{"interface": 1}
2026-03-10 11:08:26.509883+0000	DEBUG	      router/dataplane.go:1036	Initialize forwarder for	{"interface": 1}
2026-03-10 11:08:26.509916+0000	DEBUG	       router/dataplane.go:709	Run receiver for	{"interface": 3}
2026-03-10 11:08:26.509941+0000	DEBUG	      router/dataplane.go:1036	Initialize forwarder for	{"interface": 3}
2026-03-10 11:08:26.509951+0000	DEBUG	       router/dataplane.go:709	Run receiver for	{"interface": 4}
2026-03-10 11:08:26.509959+0000	DEBUG	      router/dataplane.go:1036	Initialize forwarder for	{"interface": 4}
2026-03-10 11:08:26.509967+0000	DEBUG	       router/dataplane.go:709	Run receiver for	{"interface": 5}
2026-03-10 11:08:26.510290+0000	DEBUG	      router/dataplane.go:1036	Initialize forwarder for	{"interface": 5}
2026-03-10 11:08:26.510334+0000	DEBUG	       router/dataplane.go:709	Run receiver for	{"interface": 6}
2026-03-10 11:08:26.510519+0000	DEBUG	      router/dataplane.go:1036	Initialize forwarder for	{"interface": 9}
2026-03-10 11:08:26.510549+0000	DEBUG	      router/dataplane.go:1036	Initialize forwarder for	{"interface": 8}
2026-03-10 11:08:26.510559+0000	DEBUG	       router/dataplane.go:709	Run receiver for	{"interface": 9}
2026-03-10 11:08:26.510587+0000	DEBUG	       router/dataplane.go:709	Run receiver for	{"interface": 2}
2026-03-10 11:08:26.510728+0000	DEBUG	      router/dataplane.go:1036	Initialize forwarder for	{"interface": 2}
2026-03-10 11:08:26.510777+0000	DEBUG	       router/dataplane.go:872	Initialize slow-path processor with	{"id": 0}
2026-03-10 11:08:26.510806+0000	DEBUG	      router/dataplane.go:1036	Initialize forwarder for	{"interface": 7}
2026-03-10 11:08:26.510819+0000	DEBUG	       router/dataplane.go:709	Run receiver for	{"interface": 10}
2026-03-10 11:08:26.510839+0000	DEBUG	      router/dataplane.go:1036	Initialize forwarder for	{"interface": 10}
2026-03-10 11:08:26.510850+0000	DEBUG	       router/dataplane.go:815	Initialize processor with	{"id": 0}
2026-03-10 11:08:26.510858+0000	DEBUG	       router/dataplane.go:815	Initialize processor with	{"id": 1}
2026-03-10 11:08:26.510866+0000	DEBUG	       router/dataplane.go:815	Initialize processor with	{"id": 2}
2026-03-10 11:08:26.510983+0000	DEBUG	       router/dataplane.go:815	Initialize processor with	{"id": 3}
2026-03-10 11:08:26.510996+0000	DEBUG	       router/dataplane.go:815	Initialize processor with	{"id": 4}
2026-03-10 11:08:26.511004+0000	DEBUG	       router/dataplane.go:815	Initialize processor with	{"id": 5}
2026-03-10 11:08:26.513452+0000	DEBUG	      router/dataplane.go:1036	Initialize forwarder for	{"interface": 6}
2026-03-10 11:08:27.388694+0000	DEBUG	            bfd/session.go:231	Bootstrapped
2026-03-10 11:08:27.390398+0000	DEBUG	            bfd/session.go:437	Transitioned from state Down to state Init on event Down
2026-03-10 11:08:27.402632+0000	DEBUG	            bfd/session.go:231	Bootstrapped
2026-03-10 11:08:27.403577+0000	DEBUG	            bfd/session.go:437	Transitioned from state Down to state Init on event Down
2026-03-10 11:08:27.449608+0000	DEBUG	            bfd/session.go:231	Bootstrapped
2026-03-10 11:08:27.452288+0000	DEBUG	            bfd/session.go:437	Transitioned from state Down to state Init on event Down
2026-03-10 11:08:27.467885+0000	DEBUG	            bfd/session.go:231	Bootstrapped
2026-03-10 11:08:27.468591+0000	DEBUG	            bfd/session.go:437	Transitioned from state Down to state Init on event Down
2026-03-10 11:08:27.671829+0000	DEBUG	            bfd/session.go:231	Bootstrapped
2026-03-10 11:08:27.672380+0000	DEBUG	            bfd/session.go:437	Transitioned from state Down to state Up on event Init
2026-03-10 11:08:27.718618+0000	DEBUG	            bfd/session.go:231	Bootstrapped
2026-03-10 11:08:27.722021+0000	DEBUG	            bfd/session.go:437	Transitioned from state Down to state Up on event Init
2026-03-10 11:08:27.770886+0000	DEBUG	            bfd/session.go:437	Transitioned from state Init to state Up on event Up
2026-03-10 11:08:27.785642+0000	DEBUG	            bfd/session.go:437	Transitioned from state Init to state Up on event Up
2026-03-10 11:08:27.797063+0000	DEBUG	            bfd/session.go:437	Transitioned from state Init to state Up on event Up
2026-03-10 11:08:27.840645+0000	DEBUG	            bfd/session.go:437	Transitioned from state Init to state Up on event Up
2026-03-10 11:10:22.481729+0000	DEBUG	       router/dataplane.go:772	Error while reading batch	{"interfaceID": 8, "err": "read udp 10.0.1.11:51101: recvmmsg: connection refused"}
005+0000	DEBUG	            bfd/session.go:231	Bootstrapped
2026-03-10 10:37:15.837065+0000	DEBUG	            bfd/session.go:437	Transitioned from state Down to state Init on event Down
2026-03-10 10:37:15.882363+0000	DEBUG	            bfd/session.go:231	Bootstrapped
2026-03-10 10:37:15.883024+0000	DEBUG	            bfd/session.go:437	Transitioned from state Down to state Init on event Down
2026-03-10 10:37:15.896052+0000	DEBUG	            bfd/session.go:437	Transitioned from state Init to state Up on event Up
2026-03-10 10:37:15.903465+0000	DEBUG	            bfd/session.go:231	Bootstrapped
2026-03-10 10:37:15.903508+0000	DEBUG	            bfd/session.go:437	Transitioned from state Down to state Init on event Down
2026-03-10 10:37:15.993781+0000	DEBUG	            bfd/session.go:231	Bootstrapped
2026-03-10 10:37:15.994216+0000	DEBUG	            bfd/session.go:437	Transitioned from state Down to state Init on event Down
2026-03-10 10:37:16.091183+0000	DEBUG	      router/dataplane.go:1775	SCMP response	{"cause": "bfd session down"}
2026-03-10 10:37:16.091291+0000	DEBUG	      router/dataplane.go:2597	scmp	{"typecode": "ExternalInterfaceDown"}
2026-03-10 10:37:16.174028+0000	DEBUG	            bfd/session.go:437	Transitioned from state Init to state Up on event Up
2026-03-10 10:37:16.271357+0000	DEBUG	            bfd/session.go:437	Transitioned from state Init to state Up on event Up
2026-03-10 10:37:16.316772+0000	DEBUG	            bfd/session.go:437	Transitioned from state Init to state Up on event Up
2026-03-10 10:37:16.378035+0000	DEBUG	            bfd/session.go:437	Transitioned from state Init to state Up on event Up
2026-03-10 10:37:51.749539+0000	DEBUG	            bfd/session.go:437	Transitioned from state Up to state Down on event Timer
2026-03-10 10:37:51.759484+0000	DEBUG	            bfd/session.go:231	Bootstrapped
2026-03-10 10:37:51.759666+0000	DEBUG	      router/dataplane.go:1775	SCMP response	{"cause": "bfd session down"}
2026-03-10 10:37:51.759715+0000	DEBUG	      router/dataplane.go:1775	SCMP response	{"cause": "bfd session down"}
2026-03-10 10:37:51.759729+0000	DEBUG	      router/dataplane.go:1775	SCMP response	{"cause": "bfd session down"}
2026-03-10 10:37:51.759738+0000	DEBUG	      router/dataplane.go:1775	SCMP response	{"cause": "bfd session down"}
2026-03-10 10:37:51.759746+0000	DEBUG	      router/dataplane.go:1775	SCMP response	{"cause": "bfd session down"}
2026-03-10 10:37:51.759765+0000	DEBUG	      router/dataplane.go:1775	SCMP response	{"cause": "bfd session down"}
2026-03-10 10:37:51.759774+0000	DEBUG	      router/dataplane.go:1775	SCMP response	{"cause": "bfd session down"}
2026-03-10 10:37:51.809917+0000	DEBUG	      router/dataplane.go:2597	scmp	{"typecode": "ExternalInterfaceDown"}
2026-03-10 10:37:51.899428+0000	DEBUG	      router/dataplane.go:2597	scmp	{"typecode": "ExternalInterfaceDown"}
2026-03-10 10:37:51.899572+0000	DEBUG	      router/dataplane.go:2597	scmp	{"typecode": "ExternalInterfaceDown"}
2026-03-10 10:37:51.899601+0000	DEBUG	      router/dataplane.go:2597	scmp	{"typecode": "ExternalInterfaceDown"}
2026-03-10 10:37:51.899615+0000	DEBUG	      router/dataplane.go:2597	scmp	{"typecode": "ExternalInterfaceDown"}
2026-03-10 10:37:51.899630+0000	DEBUG	      router/dataplane.go:2597	scmp	{"typecode": "ExternalInterfaceDown"}
2026-03-10 10:37:51.899642+0000	DEBUG	      router/dataplane.go:2597	scmp	{"typecode": "ExternalInterfaceDown"}
2026-03-10 10:37:51.950104+0000	DEBUG	      router/dataplane.go:1775	SCMP response	{"cause": "bfd session down"}
2026-03-10 10:37:51.950206+0000	DEBUG	      router/dataplane.go:1775	SCMP response	{"cause": "bfd session down"}
2026-03-10 10:37:51.950228+0000	DEBUG	      router/dataplane.go:1775	SCMP response	{"cause": "bfd session down"}
2026-03-10 10:37:52.016293+0000	DEBUG	      router/dataplane.go:1775	SCMP response	{"cause": "bfd session down"}
2026-03-10 10:37:51.978881+0000	DEBUG	            bfd/session.go:437	Transitioned from state Down to state Init on event Down
2026-03-10 10:37:51.962499+0000	DEBUG	      router/dataplane.go:2597	scmp	{"typecode": "ExternalInterfaceDown"}
2026-03-10 10:37:52.016376+0000	DEBUG	      router/dataplane.go:2597	scmp	{"typecode": "ExternalInterfaceDown"}
2026-03-10 10:37:52.016401+0000	DEBUG	      router/dataplane.go:2597	scmp	{"typecode": "ExternalInterfaceDown"}
2026-03-10 10:37:52.016443+0000	DEBUG	      router/dataplane.go:2597	scmp	{"typecode": "ExternalInterfaceDown"}
2026-03-10 10:37:52.205708+0000	DEBUG	      router/dataplane.go:1775	SCMP response	{"cause": "bfd session down"}
2026-03-10 10:37:52.236546+0000	DEBUG	      router/dataplane.go:1775	SCMP response	{"cause": "bfd session down"}
2026-03-10 10:37:52.236595+0000	DEBUG	      router/dataplane.go:2597	scmp	{"typecode": "ExternalInterfaceDown"}
2026-03-10 10:37:52.236620+0000	DEBUG	      router/dataplane.go:2597	scmp	{"typecode": "ExternalInterfaceDown"}
2026-03-10 10:37:52.444244+0000	DEBUG	            bfd/session.go:437	Transitioned from state Init to state Up on event Up
2026-03-10 10:38:51.155982+0000	DEBUG	            bfd/session.go:437	Transitioned from state Up to state Down on event Down
2026-03-10 10:38:51.156990+0000	DEBUG	            bfd/session.go:437	Transitioned from state Up to state Down on event Down
2026-03-10 10:38:51.220926+0000	DEBUG	      router/dataplane.go:1775	SCMP response	{"cause": "bfd session down"}
2026-03-10 10:38:51.221145+0000	DEBUG	      router/dataplane.go:1775	SCMP response	{"cause": "bfd session down"}
2026-03-10 10:38:51.221174+0000	DEBUG	      router/dataplane.go:2597	scmp	{"typecode": "ExternalInterfaceDown"}
2026-03-10 10:38:51.221189+0000	DEBUG	      router/dataplane.go:2597	scmp	{"typecode": "ExternalInterfaceDown"}
2026-03-10 10:38:51.368030+0000	DEBUG	            bfd/session.go:437	Transitioned from state Down to state Up on event Init
2026-03-10 10:38:51.368258+0000	DEBUG	            bfd/session.go:437	Transitioned from state Down to state Up on event Init
2026-03-10 10:39:23.639866+0000	DEBUG	       router/dataplane.go:772	Error while reading batch	{"interfaceID": 9, "err": "read udp 10.0.1.11:51111: recvmmsg: connection refused"}
2026-03-10 10:39:23.819588+0000	DEBUG	       router/dataplane.go:772	Error while reading batch	{"interfaceID": 9, "err": "read udp 10.0.1.11:51111: recvmmsg: connection refused"}
       router/dataplane.go:772	Error while reading batch	{"interfaceID": 10, "err": "read udp 10.0.1.11:51121: recvmmsg: connection refused"}
2026-03-08 22:09:03.311514+0000	DEBUG	       router/dataplane.go:772	Error while reading batch	{"interfaceID": 10, "err": "read udp 10.0.1.11:51121: recvmmsg: connection refused"}
2026-03-08 22:09:03.337965+0000	DEBUG	       router/dataplane.go:772	Error while reading batch	{"interfaceID": 6, "err": "read udp 10.0.1.11:50011: recvmmsg: connection refused"}
2026-03-08 22:09:03.429538+0000	DEBUG	            bfd/session.go:437	Transitioned from state Up to state Down on event Timer
2026-03-08 22:09:03.511006+0000	DEBUG	       router/dataplane.go:772	Error while reading batch	{"interfaceID": 10, "err": "read udp 10.0.1.11:51121: recvmmsg: connection refused"}
2026-03-08 22:09:03.532651+0000	DEBUG	       router/dataplane.go:772	Error while reading batch	{"interfaceID": 6, "err": "read udp 10.0.1.11:50011: recvmmsg: connection refused"}
2026-03-08 22:09:03.551846+0000	DEBUG	            bfd/session.go:437	Transitioned from state Up to state Down on event Timer
2026-03-08 22:09:03.700794+0000	DEBUG	       router/dataplane.go:772	Error while reading batch	{"interfaceID": 6, "err": "read udp 10.0.1.11:50011: recvmmsg: connection refused"}
2026-03-08 22:09:03.709593+0000	DEBUG	       router/dataplane.go:772	Error while reading batch	{"interfaceID": 1, "err": "read udp 10.0.1.11:50000: recvmmsg: connection refused"}
2026-03-08 22:09:03.883472+0000	DEBUG	      router/dataplane.go:1775	SCMP response	{"cause": "bfd session down"}
2026-03-08 22:09:03.886802+0000	DEBUG	      router/dataplane.go:1775	SCMP response	{"cause": "bfd session down"}
2026-03-08 22:09:03.886932+0000	DEBUG	      router/dataplane.go:2597	scmp	{"typecode": "ExternalInterfaceDown"}
2026-03-08 22:09:03.886963+0000	DEBUG	      router/dataplane.go:2597	scmp	{"typecode": "ExternalInterfaceDown"}
2026-03-08 22:09:03.894131+0000	DEBUG	       router/dataplane.go:772	Error while reading batch	{"interfaceID": 1, "err": "read udp 10.0.1.11:50000: recvmmsg: connection refused"}
2026-03-08 22:09:04.055164+0000	DEBUG	      router/dataplane.go:1775	SCMP response	{"cause": "bfd session down"}
2026-03-08 22:09:04.065205+0000	DEBUG	      router/dataplane.go:1775	SCMP response	{"cause": "bfd session down"}
2026-03-08 22:09:04.060962+0000	DEBUG	       router/dataplane.go:772	Error while reading batch	{"interfaceID": 1, "err": "read udp 10.0.1.11:50000: recvmmsg: connection refused"}
2026-03-08 22:09:04.066569+0000	DEBUG	      router/dataplane.go:2597	scmp	{"typecode": "ExternalInterfaceDown"}
2026-03-08 22:09:04.066612+0000	DEBUG	      router/dataplane.go:2597	scmp	{"typecode": "ExternalInterfaceDown"}
2026-03-08 22:09:04.166390+0000	DEBUG	            bfd/session.go:437	Transitioned from state Up to state Down on event Timer
2026-03-08 22:09:04.263320+0000	DEBUG	       router/dataplane.go:772	Error while reading batch	{"interfaceID": 1, "err": "read udp 10.0.1.11:50000: recvmmsg: connection refused"}
2026-03-08 22:09:04.278090+0000	DEBUG	       router/dataplane.go:772	Error while reading batch	{"interfaceID": 9, "err": "read udp 10.0.1.11:51111: recvmmsg: connection refused"}
     router/dataplane.go:1775	SCMP response	{"cause": "bfd session down"}
2026-03-08 20:57:35.055551+0000	DEBUG	      router/dataplane.go:1775	SCMP response	{"cause": "bfd session down"}
2026-03-08 20:57:35.055556+0000	DEBUG	      router/dataplane.go:1775	SCMP response	{"cause": "bfd session down"}
2026-03-08 20:57:35.055560+0000	DEBUG	      router/dataplane.go:1775	SCMP response	{"cause": "bfd session down"}
2026-03-08 20:57:35.055564+0000	DEBUG	      router/dataplane.go:1775	SCMP response	{"cause": "bfd session down"}
2026-03-08 20:57:35.055569+0000	DEBUG	      router/dataplane.go:1775	SCMP response	{"cause": "bfd session down"}
2026-03-08 20:57:35.055582+0000	DEBUG	      router/dataplane.go:1775	SCMP response	{"cause": "bfd session down"}
2026-03-08 20:57:35.055593+0000	DEBUG	            bfd/session.go:231	Bootstrapped
2026-03-08 20:57:35.055598+0000	DEBUG	            bfd/session.go:437	Transitioned from state Down to state Init on event Down
2026-03-08 20:57:35.055613+0000	DEBUG	      router/dataplane.go:2597	scmp	{"typecode": "ExternalInterfaceDown"}
2026-03-08 20:57:35.055621+0000	DEBUG	      router/dataplane.go:2597	scmp	{"typecode": "ExternalInterfaceDown"}
2026-03-08 20:57:35.055628+0000	DEBUG	      router/dataplane.go:2597	scmp	{"typecode": "ExternalInterfaceDown"}
2026-03-08 20:57:35.055633+0000	DEBUG	      router/dataplane.go:2597	scmp	{"typecode": "ExternalInterfaceDown"}
2026-03-08 20:57:35.055639+0000	DEBUG	      router/dataplane.go:2597	scmp	{"typecode": "ExternalInterfaceDown"}
2026-03-08 20:57:35.055644+0000	DEBUG	      router/dataplane.go:2597	scmp	{"typecode": "ExternalInterfaceDown"}
2026-03-08 20:57:35.055649+0000	DEBUG	      router/dataplane.go:2597	scmp	{"typecode": "ExternalInterfaceDown"}
2026-03-08 20:57:35.055655+0000	DEBUG	      router/dataplane.go:2597	scmp	{"typecode": "ExternalInterfaceDown"}
2026-03-08 20:57:35.055659+0000	DEBUG	      router/dataplane.go:2597	scmp	{"typecode": "ExternalInterfaceDown"}
2026-03-08 20:57:35.055663+0000	DEBUG	      router/dataplane.go:2597	scmp	{"typecode": "ExternalInterfaceDown"}
2026-03-08 20:57:35.055668+0000	DEBUG	      router/dataplane.go:2597	scmp	{"typecode": "ExternalInterfaceDown"}
2026-03-08 20:57:35.055673+0000	DEBUG	      router/dataplane.go:2597	scmp	{"typecode": "ExternalInterfaceDown"}
2026-03-08 20:57:35.055679+0000	DEBUG	      router/dataplane.go:2597	scmp	{"typecode": "ExternalInterfaceDown"}
2026-03-08 20:57:35.055684+0000	DEBUG	      router/dataplane.go:2597	scmp	{"typecode": "ExternalInterfaceDown"}
2026-03-08 20:57:35.055695+0000	DEBUG	      router/dataplane.go:2597	scmp	{"typecode": "ExternalInterfaceDown"}
2026-03-08 20:57:35.055701+0000	DEBUG	      router/dataplane.go:2597	scmp	{"typecode": "ExternalInterfaceDown"}
2026-03-08 20:57:35.055706+0000	DEBUG	      router/dataplane.go:2597	scmp	{"typecode": "ExternalInterfaceDown"}
2026-03-08 20:57:35.055711+0000	DEBUG	      router/dataplane.go:2597	scmp	{"typecode": "ExternalInterfaceDown"}
2026-03-08 20:57:35.055716+0000	DEBUG	      router/dataplane.go:2597	scmp	{"typecode": "ExternalInterfaceDown"}
2026-03-08 20:57:35.055721+0000	DEBUG	      router/dataplane.go:2597	scmp	{"typecode": "ExternalInterfaceDown"}
2026-03-08 20:57:35.055726+0000	DEBUG	      router/dataplane.go:2597	scmp	{"typecode": "ExternalInterfaceDown"}
2026-03-08 20:57:35.055731+0000	DEBUG	      router/dataplane.go:2597	scmp	{"typecode": "ExternalInterfaceDown"}
2026-03-08 20:57:35.055736+0000	DEBUG	      router/dataplane.go:2597	scmp	{"typecode": "ExternalInterfaceDown"}
2026-03-08 20:57:35.055815+0000	DEBUG	            bfd/session.go:231	Bootstrapped
2026-03-08 20:57:35.055823+0000	DEBUG	            bfd/session.go:437	Transitioned from state Down to state Init on event Down
2026-03-08 20:57:35.056724+0000	DEBUG	            bfd/session.go:231	Bootstrapped
2026-03-08 20:57:35.072823+0000	DEBUG	      router/dataplane.go:1775	SCMP response	{"cause": "bfd session down"}
2026-03-08 20:57:35.073166+0000	DEBUG	      router/dataplane.go:1775	SCMP response	{"cause": "bfd session down"}
2026-03-08 20:57:35.073179+0000	DEBUG	      router/dataplane.go:1775	SCMP response	{"cause": "bfd session down"}
2026-03-08 20:57:35.073184+0000	DEBUG	      router/dataplane.go:1775	SCMP response	{"cause": "bfd session down"}
2026-03-08 20:57:35.076301+0000	DEBUG	      router/dataplane.go:1775	SCMP response	{"cause": "bfd session down"}
2026-03-08 20:57:35.076332+0000	DEBUG	      router/dataplane.go:1775	SCMP response	{"cause": "bfd session down"}
2026-03-08 20:57:35.076339+0000	DEBUG	      router/dataplane.go:1775	SCMP response	{"cause": "bfd session down"}
2026-03-08 20:57:35.076343+0000	DEBUG	      router/dataplane.go:1775	SCMP response	{"cause": "bfd session down"}
2026-03-08 20:57:35.076356+0000	DEBUG	      router/dataplane.go:1775	SCMP response	{"cause": "bfd session down"}
2026-03-08 20:57:35.076361+0000	DEBUG	      router/dataplane.go:1775	SCMP response	{"cause": "bfd session down"}
2026-03-08 20:57:35.076365+0000	DEBUG	      router/dataplane.go:1775	SCMP response	{"cause": "bfd session down"}
2026-03-08 20:57:35.076700+0000	DEBUG	      router/dataplane.go:2597	scmp	{"typecode": "ExternalInterfaceDown"}
2026-03-08 20:57:35.076724+0000	DEBUG	      router/dataplane.go:2597	scmp	{"typecode": "ExternalInterfaceDown"}
2026-03-08 20:57:35.076733+0000	DEBUG	      router/dataplane.go:2597	scmp	{"typecode": "ExternalInterfaceDown"}
2026-03-08 20:57:35.076741+0000	DEBUG	      router/dataplane.go:2597	scmp	{"typecode": "ExternalInterfaceDown"}
2026-03-08 20:57:35.073188+0000	DEBUG	      router/dataplane.go:1775	SCMP response	{"cause": "bfd session down"}
2026-03-08 20:57:35.077949+0000	DEBUG	      router/dataplane.go:1775	SCMP response	{"cause": "bfd session down"}
2026-03-08 20:57:35.078301+0000	DEBUG	      router/dataplane.go:2597	scmp	{"typecode": "ExternalInterfaceDown"}
2026-03-08 20:57:35.078323+0000	DEBUG	      router/dataplane.go:2597	scmp	{"typecode": "ExternalInterfaceDown"}
2026-03-08 20:57:35.078343+0000	DEBUG	      router/dataplane.go:2597	scmp	{"typecode": "ExternalInterfaceDown"}
2026-03-08 20:57:35.078350+0000	DEBUG	      router/dataplane.go:2597	scmp	{"typecode": "ExternalInterfaceDown"}
2026-03-08 20:57:35.078571+0000	DEBUG	      router/dataplane.go:2597	scmp	{"typecode": "ExternalInterfaceDown"}
2026-03-08 20:57:35.078581+0000	DEBUG	      router/dataplane.go:2597	scmp	{"typecode": "ExternalInterfaceDown"}
2026-03-08 20:57:35.078597+0000	DEBUG	      router/dataplane.go:2597	scmp	{"typecode": "ExternalInterfaceDown"}
2026-03-08 20:57:35.078602+0000	DEBUG	      router/dataplane.go:2597	scmp	{"typecode": "ExternalInterfaceDown"}
2026-03-08 20:57:35.078608+0000	DEBUG	      router/dataplane.go:2597	scmp	{"typecode": "ExternalInterfaceDown"}
2026-03-08 20:57:35.080465+0000	DEBUG	      router/dataplane.go:1775	SCMP response	{"cause": "bfd session down"}
2026-03-08 20:57:35.080674+0000	DEBUG	      router/dataplane.go:1775	SCMP response	{"cause": "bfd session down"}
2026-03-08 20:57:35.080688+0000	DEBUG	      router/dataplane.go:2597	scmp	{"typecode": "ExternalInterfaceDown"}
2026-03-08 20:57:35.080699+0000	DEBUG	      router/dataplane.go:2597	scmp	{"typecode": "ExternalInterfaceDown"}
2026-03-08 20:57:35.083819+0000	DEBUG	      router/dataplane.go:1775	SCMP response	{"cause": "bfd session down"}
2026-03-08 20:57:35.083854+0000	DEBUG	      router/dataplane.go:2597	scmp	{"typecode": "ExternalInterfaceDown"}
2026-03-08 20:57:35.085389+0000	DEBUG	      router/dataplane.go:1775	SCMP response	{"cause": "bfd session down"}
2026-03-08 20:57:35.085432+0000	DEBUG	      router/dataplane.go:1775	SCMP response	{"cause": "bfd session down"}
2026-03-08 20:57:35.085452+0000	DEBUG	      router/dataplane.go:2597	scmp	{"typecode": "ExternalInterfaceDown"}
2026-03-08 20:57:35.085468+0000	DEBUG	      router/dataplane.go:2597	scmp	{"typecode": "ExternalInterfaceDown"}
2026-03-08 20:57:35.086595+0000	DEBUG	      router/dataplane.go:1775	SCMP response	{"cause": "bfd session down"}
2026-03-08 20:57:35.088986+0000	DEBUG	      router/dataplane.go:2597	scmp	{"typecode": "ExternalInterfaceDown"}
2026-03-08 20:57:35.086910+0000	DEBUG	      router/dataplane.go:1775	SCMP response	{"cause": "bfd session down"}
2026-03-08 20:57:35.089048+0000	DEBUG	      router/dataplane.go:1775	SCMP response	{"cause": "bfd session down"}
2026-03-08 20:57:35.089058+0000	DEBUG	      router/dataplane.go:1775	SCMP response	{"cause": "bfd session down"}
2026-03-08 20:57:35.089065+0000	DEBUG	      router/dataplane.go:2597	scmp	{"typecode": "ExternalInterfaceDown"}
2026-03-08 20:57:35.089073+0000	DEBUG	      router/dataplane.go:2597	scmp	{"typecode": "ExternalInterfaceDown"}
2026-03-08 20:57:35.089079+0000	DEBUG	      router/dataplane.go:2597	scmp	{"typecode": "ExternalInterfaceDown"}
2026-03-08 20:57:35.089120+0000	DEBUG	      router/dataplane.go:1775	SCMP response	{"cause": "bfd session down"}
2026-03-08 20:57:35.089142+0000	DEBUG	      router/dataplane.go:2597	scmp	{"typecode": "ExternalInterfaceDown"}
2026-03-08 20:57:35.089178+0000	DEBUG	            bfd/session.go:437	Transitioned from state Down to state Init on event Down
2026-03-08 20:57:35.093661+0000	DEBUG	      router/dataplane.go:1775	SCMP response	{"cause": "bfd session down"}
2026-03-08 20:57:35.093699+0000	DEBUG	      router/dataplane.go:1775	SCMP response	{"cause": "bfd session down"}
2026-03-08 20:57:35.093960+0000	DEBUG	      router/dataplane.go:2597	scmp	{"typecode": "ExternalInterfaceDown"}
2026-03-08 20:57:35.093983+0000	DEBUG	      router/dataplane.go:2597	scmp	{"typecode": "ExternalInterfaceDown"}
2026-03-08 20:57:35.094392+0000	DEBUG	      router/dataplane.go:1775	SCMP response	{"cause": "bfd session down"}
2026-03-08 20:57:35.094607+0000	DEBUG	      router/dataplane.go:1775	SCMP response	{"cause": "bfd session down"}
2026-03-08 20:57:35.094620+0000	DEBUG	      router/dataplane.go:2597	scmp	{"typecode": "ExternalInterfaceDown"}
2026-03-08 20:57:35.094630+0000	DEBUG	      router/dataplane.go:2597	scmp	{"typecode": "ExternalInterfaceDown"}
2026-03-08 20:57:35.153477+0000	DEBUG	      router/dataplane.go:1775	SCMP response	{"cause": "bfd session down"}
2026-03-08 20:57:35.154090+0000	DEBUG	      router/dataplane.go:2597	scmp	{"typecode": "ExternalInterfaceDown"}
2026-03-08 20:57:35.158451+0000	DEBUG	      router/dataplane.go:1775	SCMP response	{"cause": "bfd session down"}
2026-03-08 20:57:35.158491+0000	DEBUG	      router/dataplane.go:1775	SCMP response	{"cause": "bfd session down"}
2026-03-08 20:57:35.158519+0000	DEBUG	      router/dataplane.go:2597	scmp	{"typecode": "ExternalInterfaceDown"}
2026-03-08 20:57:35.158533+0000	DEBUG	      router/dataplane.go:2597	scmp	{"typecode": "ExternalInterfaceDown"}
2026-03-08 20:57:35.158728+0000	DEBUG	      router/dataplane.go:1775	SCMP response	{"cause": "bfd session down"}
2026-03-08 20:57:35.158749+0000	DEBUG	      router/dataplane.go:1775	SCMP response	{"cause": "bfd session down"}
2026-03-08 20:57:35.158755+0000	DEBUG	      router/dataplane.go:1775	SCMP response	{"cause": "bfd session down"}
2026-03-08 20:57:35.158759+0000	DEBUG	      router/dataplane.go:1775	SCMP response	{"cause": "bfd session down"}
2026-03-08 20:57:35.158764+0000	DEBUG	      router/dataplane.go:1775	SCMP response	{"cause": "bfd session down"}
2026-03-08 20:57:35.158772+0000	DEBUG	      router/dataplane.go:2597	scmp	{"typecode": "ExternalInterfaceDown"}
2026-03-08 20:57:35.158782+0000	DEBUG	      router/dataplane.go:2597	scmp	{"typecode": "ExternalInterfaceDown"}
2026-03-08 20:57:35.158789+0000	DEBUG	      router/dataplane.go:2597	scmp	{"typecode": "ExternalInterfaceDown"}
2026-03-08 20:57:35.158795+0000	DEBUG	      router/dataplane.go:2597	scmp	{"typecode": "ExternalInterfaceDown"}
2026-03-08 20:57:35.158800+0000	DEBUG	      router/dataplane.go:2597	scmp	{"typecode": "ExternalInterfaceDown"}
2026-03-08 20:57:35.183711+0000	DEBUG	            bfd/session.go:437	Transitioned from state Down to state Up on event Init
2026-03-08 20:57:35.207655+0000	DEBUG	            bfd/session.go:437	Transitioned from state Down to state Up on event Init
2026-03-08 20:57:35.210379+0000	DEBUG	            bfd/session.go:437	Transitioned from state Init to state Up on event Init
2026-03-08 20:57:35.218856+0000	DEBUG	            bfd/session.go:437	Transitioned from state Init to state Up on event Up
2026-03-08 20:57:35.226682+0000	DEBUG	            bfd/session.go:437	Transitioned from state Down to state Up on event Init
2026-03-08 20:57:35.231001+0000	DEBUG	            bfd/session.go:437	Transitioned from state Init to state Up on event Up
2026-03-08 20:57:35.234204+0000	DEBUG	            bfd/session.go:437	Transitioned from state Init to state Up on event Up
2026-03-08 20:57:35.256707+0000	DEBUG	      router/dataplane.go:1775	SCMP response	{"cause": "bfd session down"}
2026-03-08 20:57:35.256805+0000	DEBUG	      router/dataplane.go:2597	scmp	{"typecode": "ExternalInterfaceDown"}
2026-03-08 20:57:35.256987+0000	DEBUG	      router/dataplane.go:1775	SCMP response	{"cause": "bfd session down"}
2026-03-08 20:57:35.257007+0000	DEBUG	      router/dataplane.go:2597	scmp	{"typecode": "ExternalInterfaceDown"}
2026-03-08 20:57:35.286476+0000	DEBUG	      router/dataplane.go:1775	SCMP response	{"cause": "bfd session down"}
2026-03-08 20:57:35.286518+0000	DEBUG	      router/dataplane.go:1775	SCMP response	{"cause": "bfd session down"}
2026-03-08 20:57:35.286531+0000	DEBUG	      router/dataplane.go:2597	scmp	{"typecode": "ExternalInterfaceDown"}
2026-03-08 20:57:35.286544+0000	DEBUG	      router/dataplane.go:2597	scmp	{"typecode": "ExternalInterfaceDown"}
2026-03-08 20:57:35.399211+0000	DEBUG	            bfd/session.go:437	Transitioned from state Init to state Up on event Up
2026-03-08 20:57:35.418084+0000	DEBUG	            bfd/session.go:437	Transitioned from state Init to state Up on event Up
2026-03-08 20:57:35.435760+0000	DEBUG	            bfd/session.go:437	Transitioned from state Init to state Up on event Up
2026-03-08 20:57:56.342207+0000	DEBUG	            bfd/session.go:437	Transitioned from state Up to state Down on event Down
2026-03-08 20:57:56.343224+0000	DEBUG	      router/dataplane.go:1775	SCMP response	{"cause": "bfd session down"}
2026-03-08 20:57:56.343279+0000	DEBUG	      router/dataplane.go:1775	SCMP response	{"cause": "bfd session down"}
2026-03-08 20:57:56.343287+0000	DEBUG	      router/dataplane.go:1775	SCMP response	{"cause": "bfd session down"}
2026-03-08 20:57:56.343293+0000	DEBUG	      router/dataplane.go:1775	SCMP response	{"cause": "bfd session down"}
2026-03-08 20:57:56.343298+0000	DEBUG	      router/dataplane.go:1775	SCMP response	{"cause": "bfd session down"}
2026-03-08 20:57:56.343322+0000	DEBUG	      router/dataplane.go:2597	scmp	{"typecode": "ExternalInterfaceDown"}
2026-03-08 20:57:56.343335+0000	DEBUG	      router/dataplane.go:2597	scmp	{"typecode": "ExternalInterfaceDown"}
2026-03-08 20:57:56.343342+0000	DEBUG	      router/dataplane.go:2597	scmp	{"typecode": "ExternalInterfaceDown"}
2026-03-08 20:57:56.343348+0000	DEBUG	      router/dataplane.go:2597	scmp	{"typecode": "ExternalInterfaceDown"}
2026-03-08 20:57:56.343354+0000	DEBUG	      router/dataplane.go:2597	scmp	{"typecode": "ExternalInterfaceDown"}
2026-03-08 20:57:56.343440+0000	DEBUG	      router/dataplane.go:1775	SCMP response	{"cause": "bfd session down"}
2026-03-08 20:57:56.343453+0000	DEBUG	      router/dataplane.go:2597	scmp	{"typecode": "ExternalInterfaceDown"}
2026-03-08 20:57:56.344218+0000	DEBUG	      router/dataplane.go:1775	SCMP response	{"cause": "bfd session down"}
2026-03-08 20:57:56.344242+0000	DEBUG	      router/dataplane.go:2597	scmp	{"typecode": "ExternalInterfaceDown"}
2026-03-08 20:57:56.559594+0000	DEBUG	      router/dataplane.go:1775	SCMP response	{"cause": "bfd session down"}
2026-03-08 20:57:56.559634+0000	DEBUG	      router/dataplane.go:2597	scmp	{"typecode": "ExternalInterfaceDown"}
2026-03-08 20:57:56.567238+0000	DEBUG	      router/dataplane.go:1775	SCMP response	{"cause": "bfd session down"}
2026-03-08 20:57:56.567815+0000	DEBUG	      router/dataplane.go:2597	scmp	{"typecode": "ExternalInterfaceDown"}
2026-03-08 20:57:56.791734+0000	DEBUG	      router/dataplane.go:1775	SCMP response	{"cause": "bfd session down"}
2026-03-08 20:57:56.791782+0000	DEBUG	      router/dataplane.go:1775	SCMP response	{"cause": "bfd session down"}
2026-03-08 20:57:56.791796+0000	DEBUG	      router/dataplane.go:2597	scmp	{"typecode": "ExternalInterfaceDown"}
2026-03-08 20:57:56.792023+0000	DEBUG	      router/dataplane.go:2597	scmp	{"typecode": "ExternalInterfaceDown"}
2026-03-08 20:57:56.862904+0000	DEBUG	            bfd/session.go:437	Transitioned from state Down to state Up on event Init
2026-03-08 20:58:55.938354+0000	DEBUG	            bfd/session.go:437	Transitioned from state Up to state Down on event Timer
2026-03-08 20:58:55.938548+0000	DEBUG	            bfd/session.go:231	Bootstrapped
2026-03-08 20:58:55.938618+0000	DEBUG	      router/dataplane.go:1775	SCMP response	{"cause": "bfd session down"}
2026-03-08 20:58:55.941169+0000	DEBUG	      router/dataplane.go:1775	SCMP response	{"cause": "bfd session down"}
2026-03-08 20:58:55.941193+0000	DEBUG	      router/dataplane.go:1775	SCMP response	{"cause": "bfd session down"}
2026-03-08 20:58:55.942248+0000	DEBUG	      router/dataplane.go:2597	scmp	{"typecode": "ExternalInterfaceDown"}
2026-03-08 20:58:55.944979+0000	DEBUG	      router/dataplane.go:2597	scmp	{"typecode": "ExternalInterfaceDown"}
2026-03-08 20:58:55.945033+0000	DEBUG	      router/dataplane.go:2597	scmp	{"typecode": "ExternalInterfaceDown"}
2026-03-08 20:58:56.003512+0000	DEBUG	            bfd/session.go:437	Transitioned from state Down to state Init on event Down
2026-03-08 20:58:56.007295+0000	DEBUG	      router/dataplane.go:1775	SCMP response	{"cause": "bfd session down"}
2026-03-08 20:58:56.007376+0000	DEBUG	      router/dataplane.go:2597	scmp	{"typecode": "ExternalInterfaceDown"}
2026-03-08 20:58:56.059201+0000	DEBUG	      router/dataplane.go:1775	SCMP response	{"cause": "bfd session down"}
2026-03-08 20:58:56.059329+0000	DEBUG	      router/dataplane.go:2597	scmp	{"typecode": "ExternalInterfaceDown"}
2026-03-08 20:58:56.198615+0000	DEBUG	      router/dataplane.go:1775	SCMP response	{"cause": "bfd session down"}
2026-03-08 20:58:56.198655+0000	DEBUG	      router/dataplane.go:2597	scmp	{"typecode": "ExternalInterfaceDown"}
2026-03-08 20:58:56.219896+0000	DEBUG	      router/dataplane.go:1775	SCMP response	{"cause": "bfd session down"}
2026-03-08 20:58:56.219932+0000	DEBUG	      router/dataplane.go:1775	SCMP response	{"cause": "bfd session down"}
2026-03-08 20:58:56.219946+0000	DEBUG	      router/dataplane.go:2597	scmp	{"typecode": "ExternalInterfaceDown"}
2026-03-08 20:58:56.219958+0000	DEBUG	      router/dataplane.go:2597	scmp	{"typecode": "ExternalInterfaceDown"}
2026-03-08 20:58:56.258354+0000	DEBUG	      router/dataplane.go:1775	SCMP response	{"cause": "bfd session down"}
2026-03-08 20:58:56.258389+0000	DEBUG	      router/dataplane.go:1775	SCMP response	{"cause": "bfd session down"}
2026-03-08 20:58:56.258403+0000	DEBUG	      router/dataplane.go:2597	scmp	{"typecode": "ExternalInterfaceDown"}
2026-03-08 20:58:56.258415+0000	DEBUG	      router/dataplane.go:2597	scmp	{"typecode": "ExternalInterfaceDown"}
2026-03-08 20:58:56.395415+0000	DEBUG	            bfd/session.go:437	Transitioned from state Init to state Up on event Up
2026-03-08 21:01:05.039281+0000	DEBUG	       router/dataplane.go:772	Error while reading batch	{"interfaceID": 8, "err": "read udp 10.0.1.11:51101: recvmmsg: connection refused"}
2026-03-08 21:01:05.237645+0000	DEBUG	       router/dataplane.go:772	Error while reading batch	{"interfaceID": 8, "err": "read udp 10.0.1.11:51101: recvmmsg: connection refused"}
2026-03-08 21:01:05.279903+0000	DEBUG	       router/dataplane.go:772	Error while reading batch	{"interfaceID": 6, "err": "read udp 10.0.1.11:50011: recvmmsg: connection refused"}
2026-03-08 21:01:05.358612+0000	DEBUG	            bfd/session.go:437	Transitioned from state Up to state Down on event Timer
2026-03-08 21:01:05.404743+0000	DEBUG	       router/dataplane.go:772	Error while reading batch	{"interfaceID": 8, "err": "read udp 10.0.1.11:51101: recvmmsg: connection refused"}
2026-03-08 21:01:05.445158+0000	DEBUG	       router/dataplane.go:772	Error while reading batch	{"interfaceID": 6, "err": "read udp 10.0.1.11:50011: recvmmsg: connection refused"}
2026-03-08 21:01:05.633551+0000	DEBUG	       router/dataplane.go:772	Error while reading batch	{"interfaceID": 6, "err": "read udp 10.0.1.11:50011: recvmmsg: connection refused"}
2026-03-08 21:01:05.636919+0000	DEBUG	            bfd/session.go:437	Transitioned from state Up to state Down on event Timer
2026-03-08 21:01:05.713189+0000	DEBUG	       router/dataplane.go:772	Error while reading batch	{"interfaceID": 6, "err": "read udp 10.0.1.11:50011: recvmmsg: connection refused"}
2026-03-08 21:01:05.818217+0000	DEBUG	       router/dataplane.go:772	Error while reading batch	{"interfaceID": 6, "err": "read udp 10.0.1.11:50011: recvmmsg: connection refused"}
2026-03-08 21:01:05.819539+0000	DEBUG	       router/dataplane.go:772	Error while reading batch	{"interfaceID": 7, "err": "read udp 10.0.1.11:50012: recvmmsg: connection refused"}
2026-03-08 21:01:05.824059+0000	DEBUG	       router/dataplane.go:772	Error while reading batch	{"interfaceID": 6, "err": "read udp 10.0.1.11:50011: recvmmsg: connection refused"}
2026-03-08 21:01:05.869770+0000	DEBUG	       router/dataplane.go:772	Error while reading batch	{"interfaceID": 10, "err": "read udp 10.0.1.11:51121: recvmmsg: connection refused"}
2026-03-08 21:01:05.918741+0000	DEBUG	       router/dataplane.go:772	Error while reading batch	{"interfaceID": 7, "err": "read udp 10.0.1.11:50012: recvmmsg: connection refused"}
2026-03-08 21:01:05.987411+0000	DEBUG	       router/dataplane.go:772	Error while reading batch	{"interfaceID": 2, "err": "read udp 10.0.1.11:50007: recvmmsg: connection refused"}
2026-03-08 21:01:06.000936+0000	DEBUG	       router/dataplane.go:772	Error while reading batch	{"interfaceID": 2, "err": "read udp 10.0.1.11:50007: recvmmsg: connection refused"}
2026-03-08 21:01:06.113802+0000	DEBUG	       router/dataplane.go:772	Error while reading batch	{"interfaceID": 7, "err": "read udp 10.0.1.11:50012: recvmmsg: connection refused"}
2026-03-08 21:01:06.263588+0000	DEBUG	       router/dataplane.go:772	Error while reading batch	{"interfaceID": 2, "err": "read udp 10.0.1.11:50007: recvmmsg: connection refused"}
2026-03-08 21:01:06.263628+0000	DEBUG	       router/dataplane.go:772	Error while reading batch	{"interfaceID": 3, "err": "read udp 10.0.1.11:50008: recvmmsg: connection refused"}
2026-03-08 21:01:06.263653+0000	DEBUG	            bfd/session.go:437	Transitioned from state Up to state Down on event Timer
2026-03-08 21:01:06.263714+0000	DEBUG	            bfd/session.go:437	Transitioned from state Up to state Down on event Timer
2026-03-08 21:01:06.263725+0000	DEBUG	       router/dataplane.go:772	Error while reading batch	{"interfaceID": 10, "err": "read udp 10.0.1.11:51121: recvmmsg: connection refused"}
2026-03-08 21:01:06.263782+0000	DEBUG	       router/dataplane.go:772	Error while reading batch	{"interfaceID": 4, "err": "read udp 10.0.1.11:50009: recvmmsg: connection refused"}
2026-03-08 21:01:06.264001+0000	DEBUG	       router/dataplane.go:772	Error while reading batch	{"interfaceID": 8, "err": "read udp 10.0.1.11:51101: recvmmsg: connection refused"}
2026-03-08 21:01:06.268038+0000	DEBUG	       router/dataplane.go:772	Error while reading batch	{"interfaceID": 7, "err": "read udp 10.0.1.11:50012: recvmmsg: connection refused"}
