2026-03-08 22:08:49.267610+0000	INFO	             env/logging.go:42	=====================> Service started SCION Router br-1
  Scion version: 

  pid:           35
  euid/egid:     0 0
  cmd line:      ["bin/router" "--config" "/root/escenario/ISD3/AS313/config/tmp/br1-tmp.toml"]

2026-03-08 22:08:49.268046+0000	DEBUG	          control/iactx.go:111	Configuring Dataplane
2026-03-08 22:08:49.268075+0000	DEBUG	        router/connector.go:54	CreateIACtx	{"isd_as": "3-313"}
2026-03-08 22:08:49.286266+0000	DEBUG	       router/connector.go:169	Setting key	{"isd_as": "3-313", "index": 0}
2026-03-08 22:08:49.286340+0000	DEBUG	        router/connector.go:66	Adding internal interface	{"isd_as": "3-313", "local": "10.0.3.13:30001"}
2026-03-08 22:08:49.286506+0000	DEBUG	        router/connector.go:89	Adding external interface	{"interface": "1", "local_isd_as": "3-313", "local_addr": "10.0.3.13:51310", "remote_isd_as": "3-310", "remote_addr": "10.0.3.10:51310", "owned": true, "link_bfd_configured": false, "link_bfd_enabled": true, "dataplane_bfd_enabled": true}
2026-03-08 22:08:49.289221+0000	DEBUG	        router/connector.go:89	Adding external interface	{"interface": "2", "local_isd_as": "3-313", "local_addr": "10.0.3.13:51311", "remote_isd_as": "3-311", "remote_addr": "10.0.3.11:51311", "owned": true, "link_bfd_configured": false, "link_bfd_enabled": true, "dataplane_bfd_enabled": true}
2026-03-08 22:08:49.292504+0000	DEBUG	       router/connector.go:147	Adding service	{"isd_as": "3-313", "svc": "DS", "address": "10.0.3.13:30254"}
2026-03-08 22:08:49.298641+0000	DEBUG	       router/connector.go:147	Adding service	{"isd_as": "3-313", "svc": "CS", "address": "10.0.3.13:30254"}
2026-03-08 22:08:49.298687+0000	DEBUG	       router/connector.go:245	Endhost port range configuration	{"startPort": 30000, "endPort": 32767}
2026-03-08 22:08:49.298703+0000	DEBUG	          control/iactx.go:119	Dataplane configured successfully	{"config": "{IA: 3-313, BR.Name: br-1"}
2026-03-08 22:08:49.300022+0000	INFO	                env/env.go:201	Exporting prometheus metrics	{"addr": "127.0.0.1:30401"}
2026-03-08 22:08:49.321789+0000	DEBUG	       router/dataplane.go:678	Initialize packet pool of size	{"poolSize": 3459}
2026-03-08 22:08:49.767422+0000	DEBUG	       router/dataplane.go:709	Run receiver for	{"interface": 1}
2026-03-08 22:08:49.767642+0000	DEBUG	      router/dataplane.go:1036	Initialize forwarder for	{"interface": 1}
2026-03-08 22:08:49.767711+0000	DEBUG	       router/dataplane.go:709	Run receiver for	{"interface": 2}
2026-03-08 22:08:49.767871+0000	DEBUG	      router/dataplane.go:1036	Initialize forwarder for	{"interface": 2}
2026-03-08 22:08:49.767918+0000	DEBUG	       router/dataplane.go:709	Run receiver for	{"interface": 0}
2026-03-08 22:08:49.768025+0000	DEBUG	      router/dataplane.go:1036	Initialize forwarder for	{"interface": 0}
2026-03-08 22:08:49.768072+0000	DEBUG	       router/dataplane.go:815	Initialize processor with	{"id": 0}
2026-03-08 22:08:49.768102+0000	DEBUG	       router/dataplane.go:815	Initialize processor with	{"id": 1}
2026-03-08 22:08:49.768115+0000	DEBUG	       router/dataplane.go:872	Initialize slow-path processor with	{"id": 0}
2026-03-08 22:08:49.768139+0000	DEBUG	            bfd/session.go:231	Bootstrapped
2026-03-08 22:08:49.768164+0000	DEBUG	            bfd/session.go:437	Transitioned from state Down to state Init on event Down
2026-03-08 22:08:50.136991+0000	DEBUG	            bfd/session.go:231	Bootstrapped
2026-03-08 22:08:50.137050+0000	DEBUG	            bfd/session.go:437	Transitioned from state Down to state Init on event Down
2026-03-08 22:08:50.166847+0000	DEBUG	            bfd/session.go:437	Transitioned from state Init to state Up on event Up
2026-03-08 22:08:50.587680+0000	DEBUG	            bfd/session.go:437	Transitioned from state Init to state Up on event Up
nterfaceDown"}
2026-03-08 21:51:03.521495+0000	DEBUG	      router/dataplane.go:1775	SCMP response	{"cause": "bfd session down"}
2026-03-08 21:51:03.550525+0000	DEBUG	      router/dataplane.go:2597	scmp	{"typecode": "ExternalInterfaceDown"}
2026-03-08 21:51:03.710142+0000	DEBUG	       router/dataplane.go:772	Error while reading batch	{"interfaceID": 2, "err": "read udp 10.0.3.13:51311: recvmmsg: connection refused"}
2026-03-08 21:51:04.032165+0000	DEBUG	      router/dataplane.go:1775	SCMP response	{"cause": "bfd session down"}
2026-03-08 21:51:04.032567+0000	DEBUG	      router/dataplane.go:2597	scmp	{"typecode": "ExternalInterfaceDown"}
2026-03-08 21:51:04.027760+0000	DEBUG	      router/dataplane.go:1775	SCMP response	{"cause": "bfd session down"}
2026-03-08 21:51:04.034268+0000	DEBUG	      router/dataplane.go:2597	scmp	{"typecode": "ExternalInterfaceDown"}
2026-03-08 21:51:04.060666+0000	DEBUG	       router/dataplane.go:772	Error while reading batch	{"interfaceID": 2, "err": "read udp 10.0.3.13:51311: recvmmsg: connection refused"}
2026-03-08 21:51:04.510368+0000	DEBUG	      router/dataplane.go:1775	SCMP response	{"cause": "bfd session down"}
2026-03-08 21:51:04.510429+0000	DEBUG	      router/dataplane.go:2597	scmp	{"typecode": "ExternalInterfaceDown"}
2026-03-08 21:51:04.510723+0000	DEBUG	      router/dataplane.go:1775	SCMP response	{"cause": "bfd session down"}
2026-03-08 21:51:04.510751+0000	DEBUG	      router/dataplane.go:2597	scmp	{"typecode": "ExternalInterfaceDown"}
2026-03-08 21:51:04.992141+0000	DEBUG	      router/dataplane.go:1775	SCMP response	{"cause": "bfd session down"}
2026-03-08 21:51:04.992198+0000	DEBUG	      router/dataplane.go:2597	scmp	{"typecode": "ExternalInterfaceDown"}
2026-03-08 21:51:04.995661+0000	DEBUG	      router/dataplane.go:1775	SCMP response	{"cause": "bfd session down"}
2026-03-08 21:51:04.995727+0000	DEBUG	      router/dataplane.go:2597	scmp	{"typecode": "ExternalInterfaceDown"}
2026-03-08 21:51:05.053334+0000	DEBUG	       router/dataplane.go:772	Error while reading batch	{"interfaceID": 2, "err": "read udp 10.0.3.13:51311: recvmmsg: connection refused"}
2026-03-08 21:51:05.498216+0000	DEBUG	      router/dataplane.go:1775	SCMP response	{"cause": "bfd session down"}
2026-03-08 21:51:05.498277+0000	DEBUG	      router/dataplane.go:2597	scmp	{"typecode": "ExternalInterfaceDown"}
2026-03-08 21:51:05.498342+0000	DEBUG	      router/dataplane.go:1775	SCMP response	{"cause": "bfd session down"}
2026-03-08 21:51:05.498359+0000	DEBUG	      router/dataplane.go:2597	scmp	{"typecode": "ExternalInterfaceDown"}
2026-03-08 21:51:05.993997+0000	DEBUG	      router/dataplane.go:1775	SCMP response	{"cause": "bfd session down"}
2026-03-08 21:51:05.994057+0000	DEBUG	      router/dataplane.go:2597	scmp	{"typecode": "ExternalInterfaceDown"}
2026-03-08 21:51:05.994816+0000	DEBUG	      router/dataplane.go:1775	SCMP response	{"cause": "bfd session down"}
2026-03-08 21:51:05.994858+0000	DEBUG	      router/dataplane.go:2597	scmp	{"typecode": "ExternalInterfaceDown"}
2026-03-08 21:51:06.025462+0000	DEBUG	       router/dataplane.go:772	Error while reading batch	{"interfaceID": 2, "err": "read udp 10.0.3.13:51311: recvmmsg: connection refused"}
2026-03-08 21:51:06.501008+0000	DEBUG	      router/dataplane.go:1775	SCMP response	{"cause": "bfd session down"}
2026-03-08 21:51:06.501069+0000	DEBUG	      router/dataplane.go:2597	scmp	{"typecode": "ExternalInterfaceDown"}
2026-03-08 21:51:06.500611+0000	DEBUG	      router/dataplane.go:1775	SCMP response	{"cause": "bfd session down"}
2026-03-08 21:51:06.501537+0000	DEBUG	      router/dataplane.go:2597	scmp	{"typecode": "ExternalInterfaceDown"}
2026-03-08 21:51:06.998580+0000	DEBUG	      router/dataplane.go:1775	SCMP response	{"cause": "bfd session down"}
2026-03-08 21:51:06.998643+0000	DEBUG	      router/dataplane.go:2597	scmp	{"typecode": "ExternalInterfaceDown"}
2026-03-08 21:51:06.998829+0000	DEBUG	      router/dataplane.go:1775	SCMP response	{"cause": "bfd session down"}
2026-03-08 21:51:06.998854+0000	DEBUG	      router/dataplane.go:2597	scmp	{"typecode": "ExternalInterfaceDown"}
2026-03-08 21:51:07.027377+0000	DEBUG	       router/dataplane.go:772	Error while reading batch	{"interfaceID": 2, "err": "read udp 10.0.3.13:51311: recvmmsg: connection refused"}
2026-03-08 21:51:07.549023+0000	DEBUG	      router/dataplane.go:1775	SCMP response	{"cause": "bfd session down"}
2026-03-08 21:51:07.552865+0000	DEBUG	      router/dataplane.go:2597	scmp	{"typecode": "ExternalInterfaceDown"}
2026-03-08 21:51:07.554698+0000	DEBUG	      router/dataplane.go:1775	SCMP response	{"cause": "bfd session down"}
2026-03-08 21:51:07.554747+0000	DEBUG	      router/dataplane.go:2597	scmp	{"typecode": "ExternalInterfaceDown"}
2026-03-08 21:51:07.995305+0000	DEBUG	      router/dataplane.go:1775	SCMP response	{"cause": "bfd session down"}
2026-03-08 21:51:07.995373+0000	DEBUG	      router/dataplane.go:2597	scmp	{"typecode": "ExternalInterfaceDown"}
2026-03-08 21:51:08.000115+0000	DEBUG	      router/dataplane.go:1775	SCMP response	{"cause": "bfd session down"}
2026-03-08 21:51:08.000171+0000	DEBUG	      router/dataplane.go:2597	scmp	{"typecode": "ExternalInterfaceDown"}
2026-03-08 21:51:08.127893+0000	DEBUG	       router/dataplane.go:772	Error while reading batch	{"interfaceID": 1, "err": "read udp 10.0.3.13:51310: recvmmsg: connection refused"}
2026-03-08 21:51:08.422082+0000	DEBUG	       router/dataplane.go:772	Error while reading batch	{"interfaceID": 1, "err": "read udp 10.0.3.13:51310: recvmmsg: connection refused"}
2026-03-08 21:51:08.496101+0000	DEBUG	      router/dataplane.go:1775	SCMP response	{"cause": "bfd session down"}
2026-03-08 21:51:08.496167+0000	DEBUG	      router/dataplane.go:2597	scmp	{"typecode": "ExternalInterfaceDown"}
2026-03-08 21:51:08.496879+0000	DEBUG	      router/dataplane.go:1775	SCMP response	{"cause": "bfd session down"}
2026-03-08 21:51:08.496930+0000	DEBUG	      router/dataplane.go:2597	scmp	{"typecode": "ExternalInterfaceDown"}
2026-03-08 21:51:09.002083+0000	DEBUG	      router/dataplane.go:1775	SCMP response	{"cause": "bfd session down"}
2026-03-08 21:51:09.002483+0000	DEBUG	      router/dataplane.go:2597	scmp	{"typecode": "ExternalInterfaceDown"}
2026-03-08 21:51:09.003303+0000	DEBUG	      router/dataplane.go:1775	SCMP response	{"cause": "bfd session down"}
2026-03-08 21:51:09.003346+0000	DEBUG	      router/dataplane.go:2597	scmp	{"typecode": "ExternalInterfaceDown"}
2026-03-08 21:51:09.378036+0000	DEBUG	       router/dataplane.go:772	Error while reading batch	{"interfaceID": 1, "err": "read udp 10.0.3.13:51310: recvmmsg: connection refused"}
2026-03-08 21:51:09.497407+0000	DEBUG	      router/dataplane.go:1775	SCMP response	{"cause": "bfd session down"}
2026-03-08 21:51:09.497464+0000	DEBUG	      router/dataplane.go:2597	scmp	{"typecode": "ExternalInterfaceDown"}
2026-03-08 21:51:09.497532+0000	DEBUG	      router/dataplane.go:1775	SCMP response	{"cause": "bfd session down"}
2026-03-08 21:51:09.497556+0000	DEBUG	      router/dataplane.go:2597	scmp	{"typecode": "ExternalInterfaceDown"}
2026-03-08 21:51:09.995480+0000	DEBUG	      router/dataplane.go:1775	SCMP response	{"cause": "bfd session down"}
2026-03-08 21:51:09.995540+0000	DEBUG	      router/dataplane.go:2597	scmp	{"typecode": "ExternalInterfaceDown"}
2026-03-08 21:51:09.998173+0000	DEBUG	      router/dataplane.go:1775	SCMP response	{"cause": "bfd session down"}
2026-03-08 21:51:09.999482+0000	DEBUG	      router/dataplane.go:2597	scmp	{"typecode": "ExternalInterfaceDown"}
2026-03-08 21:51:10.229913+0000	DEBUG	       router/dataplane.go:772	Error while reading batch	{"interfaceID": 1, "err": "read udp 10.0.3.13:51310: recvmmsg: connection refused"}
2026-03-08 21:51:10.506646+0000	DEBUG	      router/dataplane.go:1775	SCMP response	{"cause": "bfd session down"}
2026-03-08 21:51:10.506704+0000	DEBUG	      router/dataplane.go:2597	scmp	{"typecode": "ExternalInterfaceDown"}
2026-03-08 21:51:10.498717+0000	DEBUG	      router/dataplane.go:1775	SCMP response	{"cause": "bfd session down"}
2026-03-08 21:51:10.506971+0000	DEBUG	      router/dataplane.go:2597	scmp	{"typecode": "ExternalInterfaceDown"}
2026-03-08 21:51:11.016693+0000	DEBUG	      router/dataplane.go:1775	SCMP response	{"cause": "bfd session down"}
2026-03-08 21:51:11.016757+0000	DEBUG	      router/dataplane.go:2597	scmp	{"typecode": "ExternalInterfaceDown"}
2026-03-08 21:51:11.017154+0000	DEBUG	      router/dataplane.go:1775	SCMP response	{"cause": "bfd session down"}
2026-03-08 21:51:11.017222+0000	DEBUG	      router/dataplane.go:2597	scmp	{"typecode": "ExternalInterfaceDown"}
2026-03-08 21:51:11.093300+0000	DEBUG	       router/dataplane.go:772	Error while reading batch	{"interfaceID": 1, "err": "read udp 10.0.3.13:51310: recvmmsg: connection refused"}
2026-03-08 21:51:11.547009+0000	DEBUG	      router/dataplane.go:1775	SCMP response	{"cause": "bfd session down"}
2026-03-08 21:51:11.547086+0000	DEBUG	      router/dataplane.go:2597	scmp	{"typecode": "ExternalInterfaceDown"}
2026-03-08 21:51:11.548983+0000	DEBUG	      router/dataplane.go:1775	SCMP response	{"cause": "bfd session down"}
2026-03-08 21:51:11.549025+0000	DEBUG	      router/dataplane.go:2597	scmp	{"typecode": "ExternalInterfaceDown"}
2026-03-08 21:51:11.855682+0000	DEBUG	       router/dataplane.go:772	Error while reading batch	{"interfaceID": 1, "err": "read udp 10.0.3.13:51310: recvmmsg: connection refused"}
2026-03-08 21:51:11.995873+0000	DEBUG	      router/dataplane.go:1775	SCMP response	{"cause": "bfd session down"}
2026-03-08 21:51:11.995945+0000	DEBUG	      router/dataplane.go:2597	scmp	{"typecode": "ExternalInterfaceDown"}
2026-03-08 21:51:11.996194+0000	DEBUG	      router/dataplane.go:1775	SCMP response	{"cause": "bfd session down"}
2026-03-08 21:51:11.996225+0000	DEBUG	      router/dataplane.go:2597	scmp	{"typecode": "ExternalInterfaceDown"}
2026-03-08 21:51:12.672265+0000	DEBUG	      router/dataplane.go:1775	SCMP response	{"cause": "bfd session down"}
2026-03-08 21:51:12.672320+0000	DEBUG	      router/dataplane.go:2597	scmp	{"typecode": "ExternalInterfaceDown"}
2026-03-08 21:51:12.680618+0000	DEBUG	      router/dataplane.go:1775	SCMP response	{"cause": "bfd session down"}
2026-03-08 21:51:12.680662+0000	DEBUG	      router/dataplane.go:2597	scmp	{"typecode": "ExternalInterfaceDown"}
2026-03-08 21:51:12.993981+0000	DEBUG	      router/dataplane.go:1775	SCMP response	{"cause": "bfd session down"}
2026-03-08 21:51:12.994036+0000	DEBUG	      router/dataplane.go:2597	scmp	{"typecode": "ExternalInterfaceDown"}
2026-03-08 21:51:12.995685+0000	DEBUG	      router/dataplane.go:1775	SCMP response	{"cause": "bfd session down"}
2026-03-08 21:51:12.995742+0000	DEBUG	      router/dataplane.go:2597	scmp	{"typecode": "ExternalInterfaceDown"}
2026-03-08 21:51:13.253264+0000	DEBUG	      router/dataplane.go:1775	SCMP response	{"cause": "bfd session down"}
2026-03-08 21:51:13.253306+0000	DEBUG	      router/dataplane.go:2597	scmp	{"typecode": "ExternalInterfaceDown"}
2026-03-08 21:51:13.412936+0000	DEBUG	            bfd/session.go:231	Bootstrapped
2026-03-08 21:51:13.414443+0000	DEBUG	            bfd/session.go:437	Transitioned from state Down to state Up on event Init
2026-03-08 21:51:13.433509+0000	DEBUG	            bfd/session.go:231	Bootstrapped
2026-03-08 21:51:13.434263+0000	DEBUG	            bfd/session.go:437	Transitioned from state Down to state Up on event Init
