2026-03-10 11:00:45.202263+0000	INFO	             env/logging.go:42	=====================> Service started SCION Router br-1
  Scion version: 

  pid:           34
  euid/egid:     0 0
  cmd line:      ["bin/router" "--config" "/root/escenario/ISD3/AS310/config/tmp/br1-tmp.toml"]

2026-03-10 11:00:45.224593+0000	INFO	               json/json.go:48	topology.json; ignoring deprecated attribute value	{"value": "authoritative"}
2026-03-10 11:00:45.225634+0000	INFO	               json/json.go:48	topology.json; ignoring deprecated attribute value	{"value": "issuing"}
2026-03-10 11:00:45.226896+0000	INFO	               json/json.go:48	topology.json; ignoring deprecated attribute value	{"value": "voting"}
2026-03-10 11:00:45.291500+0000	DEBUG	          control/iactx.go:111	Configuring Dataplane
2026-03-10 11:00:45.292388+0000	DEBUG	        router/connector.go:54	CreateIACtx	{"isd_as": "3-310"}
2026-03-10 11:00:45.294352+0000	DEBUG	       router/connector.go:169	Setting key	{"isd_as": "3-310", "index": 0}
2026-03-10 11:00:45.295316+0000	DEBUG	        router/connector.go:66	Adding internal interface	{"isd_as": "3-310", "local": "10.0.3.10:30001"}
2026-03-10 11:00:45.296678+0000	DEBUG	        router/connector.go:89	Adding external interface	{"interface": "1", "local_isd_as": "3-310", "local_addr": "10.0.3.10:50003", "remote_isd_as": "1-110", "remote_addr": "10.0.1.10:50003", "owned": true, "link_bfd_configured": false, "link_bfd_enabled": true, "dataplane_bfd_enabled": true}
2026-03-10 11:00:45.297683+0000	DEBUG	        router/connector.go:89	Adding external interface	{"interface": "2", "local_isd_as": "3-310", "local_addr": "10.0.3.10:50009", "remote_isd_as": "1-111", "remote_addr": "10.0.1.11:50009", "owned": true, "link_bfd_configured": false, "link_bfd_enabled": true, "dataplane_bfd_enabled": true}
2026-03-10 11:00:45.298899+0000	DEBUG	        router/connector.go:89	Adding external interface	{"interface": "3", "local_isd_as": "3-310", "local_addr": "10.0.3.10:50014", "remote_isd_as": "2-210", "remote_addr": "10.0.2.10:50014", "owned": true, "link_bfd_configured": false, "link_bfd_enabled": true, "dataplane_bfd_enabled": true}
2026-03-10 11:00:45.300607+0000	DEBUG	        router/connector.go:89	Adding external interface	{"interface": "4", "local_isd_as": "3-310", "local_addr": "10.0.3.10:50018", "remote_isd_as": "2-211", "remote_addr": "10.0.2.11:50018", "owned": true, "link_bfd_configured": false, "link_bfd_enabled": true, "dataplane_bfd_enabled": true}
2026-03-10 11:00:45.301817+0000	DEBUG	        router/connector.go:89	Adding external interface	{"interface": "5", "local_isd_as": "3-310", "local_addr": "10.0.3.10:50022", "remote_isd_as": "3-311", "remote_addr": "10.0.3.11:50022", "owned": true, "link_bfd_configured": false, "link_bfd_enabled": true, "dataplane_bfd_enabled": true}
2026-03-10 11:00:45.302668+0000	DEBUG	        router/connector.go:89	Adding external interface	{"interface": "6", "local_isd_as": "3-310", "local_addr": "10.0.3.10:50023", "remote_isd_as": "4-410", "remote_addr": "10.0.4.10:50023", "owned": true, "link_bfd_configured": false, "link_bfd_enabled": true, "dataplane_bfd_enabled": true}
2026-03-10 11:00:45.359428+0000	DEBUG	        router/connector.go:89	Adding external interface	{"interface": "7", "local_isd_as": "3-310", "local_addr": "10.0.3.10:50024", "remote_isd_as": "4-411", "remote_addr": "10.0.4.11:50024", "owned": true, "link_bfd_configured": false, "link_bfd_enabled": true, "dataplane_bfd_enabled": true}
2026-03-10 11:00:45.360635+0000	DEBUG	        router/connector.go:89	Adding external interface	{"interface": "8", "local_isd_as": "3-310", "local_addr": "10.0.3.10:51300", "remote_isd_as": "3-312", "remote_addr": "10.0.3.12:51300", "owned": true, "link_bfd_configured": false, "link_bfd_enabled": true, "dataplane_bfd_enabled": true}
2026-03-10 11:00:45.361225+0000	DEBUG	        router/connector.go:89	Adding external interface	{"interface": "9", "local_isd_as": "3-310", "local_addr": "10.0.3.10:51310", "remote_isd_as": "3-313", "remote_addr": "10.0.3.13:51310", "owned": true, "link_bfd_configured": false, "link_bfd_enabled": true, "dataplane_bfd_enabled": true}
2026-03-10 11:00:45.362609+0000	DEBUG	        router/connector.go:89	Adding external interface	{"interface": "10", "local_isd_as": "3-310", "local_addr": "10.0.3.10:51320", "remote_isd_as": "3-314", "remote_addr": "10.0.3.14:51320", "owned": true, "link_bfd_configured": false, "link_bfd_enabled": true, "dataplane_bfd_enabled": true}
2026-03-10 11:00:45.363903+0000	DEBUG	       router/connector.go:147	Adding service	{"isd_as": "3-310", "svc": "DS", "address": "10.0.3.10:30254"}
2026-03-10 11:00:45.364408+0000	DEBUG	       router/connector.go:147	Adding service	{"isd_as": "3-310", "svc": "CS", "address": "10.0.3.10:30254"}
2026-03-10 11:00:45.365481+0000	DEBUG	       router/connector.go:245	Endhost port range configuration	{"startPort": 30000, "endPort": 32767}
2026-03-10 11:00:45.401058+0000	DEBUG	          control/iactx.go:119	Dataplane configured successfully	{"config": "{IA: 3-310, BR.Name: br-1"}
2026-03-10 11:00:45.403460+0000	INFO	                env/env.go:201	Exporting prometheus metrics	{"addr": "127.0.0.1:30401"}
2026-03-10 11:00:45.456513+0000	DEBUG	       router/dataplane.go:678	Initialize packet pool of size	{"poolSize": 11738}
2026-03-10 11:00:45.519729+0000	DEBUG	       router/dataplane.go:709	Run receiver for	{"interface": 8}
2026-03-10 11:00:45.520183+0000	DEBUG	      router/dataplane.go:1036	Initialize forwarder for	{"interface": 1}
2026-03-10 11:00:45.520258+0000	DEBUG	      router/dataplane.go:1036	Initialize forwarder for	{"interface": 8}
2026-03-10 11:00:45.520288+0000	DEBUG	       router/dataplane.go:709	Run receiver for	{"interface": 10}
2026-03-10 11:00:45.520310+0000	DEBUG	      router/dataplane.go:1036	Initialize forwarder for	{"interface": 10}
2026-03-10 11:00:45.520339+0000	DEBUG	       router/dataplane.go:709	Run receiver for	{"interface": 2}
2026-03-10 11:00:45.520355+0000	DEBUG	      router/dataplane.go:1036	Initialize forwarder for	{"interface": 2}
2026-03-10 11:00:45.520370+0000	DEBUG	       router/dataplane.go:709	Run receiver for	{"interface": 3}
2026-03-10 11:00:45.520404+0000	DEBUG	      router/dataplane.go:1036	Initialize forwarder for	{"interface": 3}
2026-03-10 11:00:45.520424+0000	DEBUG	       router/dataplane.go:709	Run receiver for	{"interface": 5}
2026-03-10 11:00:45.520439+0000	DEBUG	      router/dataplane.go:1036	Initialize forwarder for	{"interface": 5}
2026-03-10 11:00:45.520453+0000	DEBUG	       router/dataplane.go:709	Run receiver for	{"interface": 6}
2026-03-10 11:00:45.520467+0000	DEBUG	      router/dataplane.go:1036	Initialize forwarder for	{"interface": 6}
2026-03-10 11:00:45.520483+0000	DEBUG	       router/dataplane.go:709	Run receiver for	{"interface": 7}
2026-03-10 11:00:45.520496+0000	DEBUG	      router/dataplane.go:1036	Initialize forwarder for	{"interface": 7}
2026-03-10 11:00:45.520511+0000	DEBUG	       router/dataplane.go:709	Run receiver for	{"interface": 9}
2026-03-10 11:00:45.520527+0000	DEBUG	      router/dataplane.go:1036	Initialize forwarder for	{"interface": 9}
2026-03-10 11:00:45.520546+0000	DEBUG	       router/dataplane.go:709	Run receiver for	{"interface": 0}
2026-03-10 11:00:45.520563+0000	DEBUG	      router/dataplane.go:1036	Initialize forwarder for	{"interface": 0}
2026-03-10 11:00:45.520577+0000	DEBUG	       router/dataplane.go:709	Run receiver for	{"interface": 1}
2026-03-10 11:00:45.520602+0000	DEBUG	       router/dataplane.go:872	Initialize slow-path processor with	{"id": 0}
2026-03-10 11:00:45.520620+0000	DEBUG	       router/dataplane.go:709	Run receiver for	{"interface": 4}
2026-03-10 11:00:45.520634+0000	DEBUG	      router/dataplane.go:1036	Initialize forwarder for	{"interface": 4}
2026-03-10 11:00:45.520649+0000	DEBUG	       router/dataplane.go:815	Initialize processor with	{"id": 0}
2026-03-10 11:00:45.520665+0000	DEBUG	       router/dataplane.go:815	Initialize processor with	{"id": 1}
2026-03-10 11:00:45.520683+0000	DEBUG	       router/dataplane.go:815	Initialize processor with	{"id": 2}
2026-03-10 11:00:45.520697+0000	DEBUG	       router/dataplane.go:815	Initialize processor with	{"id": 3}
2026-03-10 11:00:45.520712+0000	DEBUG	       router/dataplane.go:815	Initialize processor with	{"id": 4}
2026-03-10 11:00:45.520729+0000	DEBUG	       router/dataplane.go:815	Initialize processor with	{"id": 5}
2026-03-10 11:00:46.361495+0000	DEBUG	            bfd/session.go:231	Bootstrapped
2026-03-10 11:00:46.365041+0000	DEBUG	            bfd/session.go:437	Transitioned from state Down to state Init on event Down
2026-03-10 11:00:46.411218+0000	DEBUG	            bfd/session.go:231	Bootstrapped
2026-03-10 11:00:46.411894+0000	DEBUG	            bfd/session.go:437	Transitioned from state Down to state Init on event Down
2026-03-10 11:00:46.459327+0000	DEBUG	            bfd/session.go:231	Bootstrapped
2026-03-10 11:00:46.481035+0000	DEBUG	            bfd/session.go:437	Transitioned from state Down to state Init on event Down
2026-03-10 11:00:46.707753+0000	DEBUG	            bfd/session.go:231	Bootstrapped
2026-03-10 11:00:46.713639+0000	DEBUG	            bfd/session.go:437	Transitioned from state Down to state Up on event Init
2026-03-10 11:00:46.728093+0000	DEBUG	            bfd/session.go:231	Bootstrapped
2026-03-10 11:00:46.729409+0000	DEBUG	            bfd/session.go:437	Transitioned from state Down to state Up on event Init
2026-03-10 11:00:46.752848+0000	DEBUG	            bfd/session.go:437	Transitioned from state Init to state Up on event Up
2026-03-10 11:00:46.755725+0000	DEBUG	            bfd/session.go:231	Bootstrapped
2026-03-10 11:00:46.756245+0000	DEBUG	            bfd/session.go:437	Transitioned from state Down to state Up on event Init
2026-03-10 11:00:46.784678+0000	DEBUG	            bfd/session.go:437	Transitioned from state Init to state Up on event Up
2026-03-10 11:00:46.832237+0000	DEBUG	            bfd/session.go:437	Transitioned from state Init to state Up on event Up
n
2026-03-10 10:37:15.413052+0000	DEBUG	      router/dataplane.go:1775	SCMP response	{"cause": "bfd session down"}
2026-03-10 10:37:15.413694+0000	DEBUG	      router/dataplane.go:2597	scmp	{"typecode": "ExternalInterfaceDown"}
2026-03-10 10:37:15.461910+0000	DEBUG	            bfd/session.go:437	Transitioned from state Init to state Up on event Up
2026-03-10 10:37:15.515781+0000	DEBUG	            bfd/session.go:231	Bootstrapped
2026-03-10 10:37:15.517561+0000	DEBUG	            bfd/session.go:437	Transitioned from state Down to state Init on event Down
2026-03-10 10:37:15.583076+0000	DEBUG	            bfd/session.go:437	Transitioned from state Init to state Up on event Up
2026-03-10 10:37:15.706605+0000	DEBUG	            bfd/session.go:437	Transitioned from state Init to state Up on event Up
2026-03-10 10:37:15.751214+0000	DEBUG	            bfd/session.go:437	Transitioned from state Init to state Up on event Up
2026-03-10 10:37:15.776310+0000	DEBUG	            bfd/session.go:437	Transitioned from state Init to state Up on event Up
2026-03-10 10:37:15.902054+0000	DEBUG	            bfd/session.go:437	Transitioned from state Init to state Up on event Up
2026-03-10 10:37:15.931744+0000	DEBUG	      router/dataplane.go:1775	SCMP response	{"cause": "bfd session down"}
2026-03-10 10:37:15.933131+0000	DEBUG	      router/dataplane.go:2597	scmp	{"typecode": "ExternalInterfaceDown"}
2026-03-10 10:37:16.004899+0000	DEBUG	            bfd/session.go:231	Bootstrapped
2026-03-10 10:37:16.005352+0000	DEBUG	            bfd/session.go:437	Transitioned from state Down to state Up on event Init
2026-03-10 10:37:40.357942+0000	DEBUG	            bfd/session.go:437	Transitioned from state Up to state Down on event Timer
2026-03-10 10:37:40.358385+0000	DEBUG	      router/dataplane.go:1775	SCMP response	{"cause": "bfd session down"}
2026-03-10 10:37:40.360382+0000	DEBUG	      router/dataplane.go:1775	SCMP response	{"cause": "bfd session down"}
2026-03-10 10:37:40.364599+0000	DEBUG	      router/dataplane.go:2597	scmp	{"typecode": "ExternalInterfaceDown"}
2026-03-10 10:37:40.364681+0000	DEBUG	      router/dataplane.go:2597	scmp	{"typecode": "ExternalInterfaceDown"}
2026-03-10 10:37:40.366389+0000	DEBUG	            bfd/session.go:231	Bootstrapped
2026-03-10 10:37:40.415148+0000	DEBUG	            bfd/session.go:437	Transitioned from state Down to state Init on event Down
2026-03-10 10:37:40.468398+0000	DEBUG	      router/dataplane.go:1775	SCMP response	{"cause": "bfd session down"}
2026-03-10 10:37:40.511855+0000	DEBUG	      router/dataplane.go:1775	SCMP response	{"cause": "bfd session down"}
2026-03-10 10:37:40.512140+0000	DEBUG	      router/dataplane.go:2597	scmp	{"typecode": "ExternalInterfaceDown"}
2026-03-10 10:37:40.512177+0000	DEBUG	      router/dataplane.go:2597	scmp	{"typecode": "ExternalInterfaceDown"}
2026-03-10 10:37:40.511916+0000	DEBUG	      router/dataplane.go:1775	SCMP response	{"cause": "bfd session down"}
2026-03-10 10:37:40.512422+0000	DEBUG	      router/dataplane.go:1775	SCMP response	{"cause": "bfd session down"}
2026-03-10 10:37:40.512440+0000	DEBUG	      router/dataplane.go:1775	SCMP response	{"cause": "bfd session down"}
2026-03-10 10:37:40.512451+0000	DEBUG	      router/dataplane.go:1775	SCMP response	{"cause": "bfd session down"}
2026-03-10 10:37:40.512466+0000	DEBUG	      router/dataplane.go:2597	scmp	{"typecode": "ExternalInterfaceDown"}
2026-03-10 10:37:40.512482+0000	DEBUG	      router/dataplane.go:2597	scmp	{"typecode": "ExternalInterfaceDown"}
2026-03-10 10:37:40.512499+0000	DEBUG	      router/dataplane.go:2597	scmp	{"typecode": "ExternalInterfaceDown"}
2026-03-10 10:37:40.512524+0000	DEBUG	      router/dataplane.go:2597	scmp	{"typecode": "ExternalInterfaceDown"}
2026-03-10 10:37:40.835887+0000	DEBUG	            bfd/session.go:437	Transitioned from state Init to state Up on event Up
2026-03-10 10:38:50.986710+0000	DEBUG	            bfd/session.go:437	Transitioned from state Up to state Down on event Timer
2026-03-10 10:38:50.988098+0000	DEBUG	            bfd/session.go:231	Bootstrapped
2026-03-10 10:38:51.016460+0000	DEBUG	      router/dataplane.go:1775	SCMP response	{"cause": "bfd session down"}
2026-03-10 10:38:51.016491+0000	DEBUG	      router/dataplane.go:1775	SCMP response	{"cause": "bfd session down"}
2026-03-10 10:38:51.016548+0000	DEBUG	      router/dataplane.go:2597	scmp	{"typecode": "ExternalInterfaceDown"}
2026-03-10 10:38:51.016567+0000	DEBUG	      router/dataplane.go:2597	scmp	{"typecode": "ExternalInterfaceDown"}
2026-03-10 10:38:51.016734+0000	DEBUG	      router/dataplane.go:1775	SCMP response	{"cause": "bfd session down"}
2026-03-10 10:38:51.016749+0000	DEBUG	      router/dataplane.go:1775	SCMP response	{"cause": "bfd session down"}
2026-03-10 10:38:51.016757+0000	DEBUG	      router/dataplane.go:2597	scmp	{"typecode": "ExternalInterfaceDown"}
2026-03-10 10:38:51.016767+0000	DEBUG	      router/dataplane.go:2597	scmp	{"typecode": "ExternalInterfaceDown"}
2026-03-10 10:38:51.016799+0000	DEBUG	      router/dataplane.go:1775	SCMP response	{"cause": "bfd session down"}
2026-03-10 10:38:51.016808+0000	DEBUG	      router/dataplane.go:1775	SCMP response	{"cause": "bfd session down"}
2026-03-10 10:38:51.016824+0000	DEBUG	      router/dataplane.go:2597	scmp	{"typecode": "ExternalInterfaceDown"}
2026-03-10 10:38:51.016836+0000	DEBUG	      router/dataplane.go:2597	scmp	{"typecode": "ExternalInterfaceDown"}
2026-03-10 10:38:51.036872+0000	DEBUG	      router/dataplane.go:1775	SCMP response	{"cause": "bfd session down"}
2026-03-10 10:38:51.036917+0000	DEBUG	      router/dataplane.go:2597	scmp	{"typecode": "ExternalInterfaceDown"}
2026-03-10 10:38:51.156807+0000	DEBUG	      router/dataplane.go:1775	SCMP response	{"cause": "bfd session down"}
2026-03-10 10:38:51.156920+0000	DEBUG	      router/dataplane.go:2597	scmp	{"typecode": "ExternalInterfaceDown"}
2026-03-10 10:38:51.176563+0000	DEBUG	      router/dataplane.go:1775	SCMP response	{"cause": "bfd session down"}
2026-03-10 10:38:51.176724+0000	DEBUG	      router/dataplane.go:2597	scmp	{"typecode": "ExternalInterfaceDown"}
2026-03-10 10:38:51.206214+0000	DEBUG	            bfd/session.go:437	Transitioned from state Down to state Init on event Down
2026-03-10 10:38:51.233413+0000	DEBUG	      router/dataplane.go:1775	SCMP response	{"cause": "bfd session down"}
2026-03-10 10:38:51.234909+0000	DEBUG	      router/dataplane.go:1775	SCMP response	{"cause": "bfd session down"}
2026-03-10 10:38:51.237364+0000	DEBUG	      router/dataplane.go:1775	SCMP response	{"cause": "bfd session down"}
2026-03-10 10:38:51.237498+0000	DEBUG	      router/dataplane.go:1775	SCMP response	{"cause": "bfd session down"}
2026-03-10 10:38:51.237534+0000	DEBUG	      router/dataplane.go:2597	scmp	{"typecode": "ExternalInterfaceDown"}
2026-03-10 10:38:51.237560+0000	DEBUG	      router/dataplane.go:2597	scmp	{"typecode": "ExternalInterfaceDown"}
2026-03-10 10:38:51.237574+0000	DEBUG	      router/dataplane.go:2597	scmp	{"typecode": "ExternalInterfaceDown"}
2026-03-10 10:38:51.237586+0000	DEBUG	      router/dataplane.go:2597	scmp	{"typecode": "ExternalInterfaceDown"}
2026-03-10 10:38:51.368358+0000	DEBUG	      router/dataplane.go:1775	SCMP response	{"cause": "bfd session down"}
2026-03-10 10:38:51.371395+0000	DEBUG	      router/dataplane.go:1775	SCMP response	{"cause": "bfd session down"}
2026-03-10 10:38:51.371665+0000	DEBUG	      router/dataplane.go:2597	scmp	{"typecode": "ExternalInterfaceDown"}
2026-03-10 10:38:51.372083+0000	DEBUG	      router/dataplane.go:2597	scmp	{"typecode": "ExternalInterfaceDown"}
2026-03-10 10:38:51.451055+0000	DEBUG	      router/dataplane.go:1775	SCMP response	{"cause": "bfd session down"}
2026-03-10 10:38:51.451102+0000	DEBUG	      router/dataplane.go:1775	SCMP response	{"cause": "bfd session down"}
2026-03-10 10:38:51.451111+0000	DEBUG	      router/dataplane.go:1775	SCMP response	{"cause": "bfd session down"}
2026-03-10 10:38:51.451117+0000	DEBUG	      router/dataplane.go:1775	SCMP response	{"cause": "bfd session down"}
2026-03-10 10:38:51.451172+0000	DEBUG	      router/dataplane.go:2597	scmp	{"typecode": "ExternalInterfaceDown"}
2026-03-10 10:38:51.451188+0000	DEBUG	      router/dataplane.go:2597	scmp	{"typecode": "ExternalInterfaceDown"}
2026-03-10 10:38:51.451196+0000	DEBUG	      router/dataplane.go:2597	scmp	{"typecode": "ExternalInterfaceDown"}
2026-03-10 10:38:51.451202+0000	DEBUG	      router/dataplane.go:2597	scmp	{"typecode": "ExternalInterfaceDown"}
2026-03-10 10:38:51.525682+0000	DEBUG	            bfd/session.go:437	Transitioned from state Init to state Up on event Up
2026-03-10 10:39:23.002362+0000	DEBUG	       router/dataplane.go:772	Error while reading batch	{"interfaceID": 8, "err": "read udp 10.0.3.10:51300: recvmmsg: connection refused"}
2026-03-10 10:39:23.002598+0000	DEBUG	            bfd/session.go:267	error sending message	{"err": "write udp4 10.0.3.10:51300->10.0.3.12:51300: write: connection refused"}
2026-03-10 10:39:23.002660+0000	DEBUG	            bfd/session.go:437	Transitioned from state Up to state Down on event Timer
2026-03-10 10:39:23.104863+0000	DEBUG	       router/dataplane.go:772	Error while reading batch	{"interfaceID": 8, "err": "read udp 10.0.3.10:51300: recvmmsg: connection refused"}
2026-03-10 10:39:23.581016+0000	DEBUG	       router/dataplane.go:772	Error while reading batch	{"interfaceID": 8, "err": "read udp 10.0.3.10:51300: recvmmsg: connection refused"}
2026-03-10 10:39:23.977656+0000	DEBUG	       router/dataplane.go:772	Error while reading batch	{"interfaceID": 8, "err": "read udp 10.0.3.10:51300: recvmmsg: connection refused"}
2026-03-10 10:39:24.077324+0000	DEBUG	            bfd/session.go:437	Transitioned from state Up to state Down on event Timer
     bfd/session.go:437	Transitioned from state Up to state Down on event Timer
2026-03-08 22:09:04.219639+0000	DEBUG	       router/dataplane.go:772	Error while reading batch	{"interfaceID": 9, "err": "read udp 10.0.3.10:51310: recvmmsg: connection refused"}
2026-03-08 22:09:04.369545+0000	DEBUG	       router/dataplane.go:772	Error while reading batch	{"interfaceID": 1, "err": "read udp 10.0.3.10:50003: recvmmsg: connection refused"}
2026-03-08 22:09:04.561466+0000	DEBUG	       router/dataplane.go:772	Error while reading batch	{"interfaceID": 4, "err": "read udp 10.0.3.10:50018: recvmmsg: connection refused"}
2026-03-08 22:09:04.562563+0000	DEBUG	       router/dataplane.go:772	Error while reading batch	{"interfaceID": 6, "err": "read udp 10.0.3.10:50023: recvmmsg: connection refused"}
2026-03-08 22:09:04.562740+0000	DEBUG	       router/dataplane.go:772	Error while reading batch	{"interfaceID": 3, "err": "read udp 10.0.3.10:50014: recvmmsg: connection refused"}
2026-03-08 22:09:04.577039+0000	DEBUG	       router/dataplane.go:772	Error while reading batch	{"interfaceID": 2, "err": "read udp 10.0.3.10:50009: recvmmsg: connection refused"}
2026-03-08 22:09:04.578520+0000	DEBUG	       router/dataplane.go:772	Error while reading batch	{"interfaceID": 5, "err": "read udp 10.0.3.10:50022: recvmmsg: connection refused"}
2026-03-08 22:09:04.614470+0000	DEBUG	       router/dataplane.go:772	Error while reading batch	{"interfaceID": 7, "err": "read udp 10.0.3.10:50024: recvmmsg: connection refused"}
2026-03-08 22:09:04.695879+0000	DEBUG	       router/dataplane.go:772	Error while reading batch	{"interfaceID": 8, "err": "read udp 10.0.3.10:51300: recvmmsg: connection refused"}
2026-03-08 22:09:04.730641+0000	DEBUG	       router/dataplane.go:772	Error while reading batch	{"interfaceID": 2, "err": "read udp 10.0.3.10:50009: recvmmsg: connection refused"}
2026-03-08 22:09:04.730738+0000	DEBUG	       router/dataplane.go:772	Error while reading batch	{"interfaceID": 4, "err": "read udp 10.0.3.10:50018: recvmmsg: connection refused"}
wn"}
2026-03-08 20:56:23.522739+0000	DEBUG	      router/dataplane.go:2597	scmp	{"typecode": "ExternalInterfaceDown"}
2026-03-08 20:56:23.522745+0000	DEBUG	      router/dataplane.go:2597	scmp	{"typecode": "ExternalInterfaceDown"}
2026-03-08 20:56:23.525130+0000	DEBUG	      router/dataplane.go:1775	SCMP response	{"cause": "bfd session down"}
2026-03-08 20:56:23.525171+0000	DEBUG	      router/dataplane.go:1775	SCMP response	{"cause": "bfd session down"}
2026-03-08 20:56:23.525187+0000	DEBUG	      router/dataplane.go:2597	scmp	{"typecode": "ExternalInterfaceDown"}
2026-03-08 20:56:23.525200+0000	DEBUG	      router/dataplane.go:2597	scmp	{"typecode": "ExternalInterfaceDown"}
2026-03-08 20:56:23.525313+0000	DEBUG	            bfd/session.go:437	Transitioned from state Down to state Init on event Down
2026-03-08 20:56:23.525576+0000	DEBUG	            bfd/session.go:437	Transitioned from state Down to state Init on event Down
2026-03-08 20:56:23.525595+0000	DEBUG	            bfd/session.go:437	Transitioned from state Down to state Init on event Down
2026-03-08 20:56:23.547766+0000	DEBUG	      router/dataplane.go:1775	SCMP response	{"cause": "bfd session down"}
2026-03-08 20:56:23.547815+0000	DEBUG	      router/dataplane.go:2597	scmp	{"typecode": "ExternalInterfaceDown"}
2026-03-08 20:56:23.601438+0000	DEBUG	      router/dataplane.go:1775	SCMP response	{"cause": "bfd session down"}
2026-03-08 20:56:23.601494+0000	DEBUG	      router/dataplane.go:1775	SCMP response	{"cause": "bfd session down"}
2026-03-08 20:56:23.601509+0000	DEBUG	      router/dataplane.go:1775	SCMP response	{"cause": "bfd session down"}
2026-03-08 20:56:23.601519+0000	DEBUG	      router/dataplane.go:1775	SCMP response	{"cause": "bfd session down"}
2026-03-08 20:56:23.601536+0000	DEBUG	      router/dataplane.go:2597	scmp	{"typecode": "ExternalInterfaceDown"}
2026-03-08 20:56:23.601555+0000	DEBUG	      router/dataplane.go:2597	scmp	{"typecode": "ExternalInterfaceDown"}
2026-03-08 20:56:23.601565+0000	DEBUG	      router/dataplane.go:2597	scmp	{"typecode": "ExternalInterfaceDown"}
2026-03-08 20:56:23.601577+0000	DEBUG	      router/dataplane.go:2597	scmp	{"typecode": "ExternalInterfaceDown"}
2026-03-08 20:56:23.610593+0000	DEBUG	      router/dataplane.go:1775	SCMP response	{"cause": "bfd session down"}
2026-03-08 20:56:23.610634+0000	DEBUG	      router/dataplane.go:2597	scmp	{"typecode": "ExternalInterfaceDown"}
2026-03-08 20:56:23.610712+0000	DEBUG	      router/dataplane.go:1775	SCMP response	{"cause": "bfd session down"}
2026-03-08 20:56:23.610726+0000	DEBUG	      router/dataplane.go:2597	scmp	{"typecode": "ExternalInterfaceDown"}
2026-03-08 20:56:23.630815+0000	DEBUG	      router/dataplane.go:1775	SCMP response	{"cause": "bfd session down"}
2026-03-08 20:56:23.630851+0000	DEBUG	      router/dataplane.go:1775	SCMP response	{"cause": "bfd session down"}
2026-03-08 20:56:23.630875+0000	DEBUG	      router/dataplane.go:2597	scmp	{"typecode": "ExternalInterfaceDown"}
2026-03-08 20:56:23.630886+0000	DEBUG	      router/dataplane.go:2597	scmp	{"typecode": "ExternalInterfaceDown"}
2026-03-08 20:56:23.721470+0000	DEBUG	            bfd/session.go:437	Transitioned from state Down to state Init on event Down
2026-03-08 20:56:23.749457+0000	DEBUG	      router/dataplane.go:1775	SCMP response	{"cause": "bfd session down"}
2026-03-08 20:56:23.749502+0000	DEBUG	      router/dataplane.go:1775	SCMP response	{"cause": "bfd session down"}
2026-03-08 20:56:23.749516+0000	DEBUG	      router/dataplane.go:2597	scmp	{"typecode": "ExternalInterfaceDown"}
2026-03-08 20:56:23.749527+0000	DEBUG	      router/dataplane.go:2597	scmp	{"typecode": "ExternalInterfaceDown"}
2026-03-08 20:56:23.792990+0000	DEBUG	      router/dataplane.go:1775	SCMP response	{"cause": "bfd session down"}
2026-03-08 20:56:23.793032+0000	DEBUG	      router/dataplane.go:1775	SCMP response	{"cause": "bfd session down"}
2026-03-08 20:56:23.793306+0000	DEBUG	      router/dataplane.go:2597	scmp	{"typecode": "ExternalInterfaceDown"}
2026-03-08 20:56:23.793348+0000	DEBUG	      router/dataplane.go:2597	scmp	{"typecode": "ExternalInterfaceDown"}
2026-03-08 20:56:23.814038+0000	DEBUG	      router/dataplane.go:1775	SCMP response	{"cause": "bfd session down"}
2026-03-08 20:56:23.814095+0000	DEBUG	      router/dataplane.go:2597	scmp	{"typecode": "ExternalInterfaceDown"}
2026-03-08 20:56:23.823766+0000	DEBUG	      router/dataplane.go:1775	SCMP response	{"cause": "bfd session down"}
2026-03-08 20:56:23.824694+0000	DEBUG	      router/dataplane.go:1775	SCMP response	{"cause": "bfd session down"}
2026-03-08 20:56:23.824704+0000	DEBUG	      router/dataplane.go:1775	SCMP response	{"cause": "bfd session down"}
2026-03-08 20:56:23.824773+0000	DEBUG	      router/dataplane.go:2597	scmp	{"typecode": "ExternalInterfaceDown"}
2026-03-08 20:56:23.824788+0000	DEBUG	      router/dataplane.go:2597	scmp	{"typecode": "ExternalInterfaceDown"}
2026-03-08 20:56:23.824796+0000	DEBUG	      router/dataplane.go:2597	scmp	{"typecode": "ExternalInterfaceDown"}
2026-03-08 20:56:23.863274+0000	DEBUG	            bfd/session.go:437	Transitioned from state Init to state Up on event Up
2026-03-08 20:56:23.878600+0000	DEBUG	            bfd/session.go:437	Transitioned from state Init to state Up on event Up
2026-03-08 20:56:23.883987+0000	DEBUG	            bfd/session.go:437	Transitioned from state Init to state Up on event Up
2026-03-08 20:56:23.911495+0000	DEBUG	      router/dataplane.go:1775	SCMP response	{"cause": "bfd session down"}
2026-03-08 20:56:23.911682+0000	DEBUG	      router/dataplane.go:2597	scmp	{"typecode": "ExternalInterfaceDown"}
2026-03-08 20:56:23.924397+0000	DEBUG	      router/dataplane.go:1775	SCMP response	{"cause": "bfd session down"}
2026-03-08 20:56:23.924439+0000	DEBUG	      router/dataplane.go:2597	scmp	{"typecode": "ExternalInterfaceDown"}
2026-03-08 20:56:23.924560+0000	DEBUG	      router/dataplane.go:1775	SCMP response	{"cause": "bfd session down"}
2026-03-08 20:56:23.924573+0000	DEBUG	      router/dataplane.go:2597	scmp	{"typecode": "ExternalInterfaceDown"}
2026-03-08 20:56:23.937483+0000	DEBUG	      router/dataplane.go:1775	SCMP response	{"cause": "bfd session down"}
2026-03-08 20:56:23.958433+0000	DEBUG	      router/dataplane.go:2597	scmp	{"typecode": "ExternalInterfaceDown"}
2026-03-08 20:56:24.054026+0000	DEBUG	            bfd/session.go:437	Transitioned from state Init to state Up on event Up
2026-03-08 20:56:47.912677+0000	DEBUG	            bfd/session.go:437	Transitioned from state Up to state Down on event Timer
2026-03-08 20:56:48.018296+0000	DEBUG	      router/dataplane.go:1775	SCMP response	{"cause": "bfd session down"}
2026-03-08 20:56:48.018346+0000	DEBUG	      router/dataplane.go:2597	scmp	{"typecode": "ExternalInterfaceDown"}
2026-03-08 20:56:48.019990+0000	DEBUG	            bfd/session.go:231	Bootstrapped
2026-03-08 20:56:48.033204+0000	DEBUG	      router/dataplane.go:1775	SCMP response	{"cause": "bfd session down"}
2026-03-08 20:56:48.049753+0000	DEBUG	      router/dataplane.go:1775	SCMP response	{"cause": "bfd session down"}
2026-03-08 20:56:48.065522+0000	DEBUG	      router/dataplane.go:1775	SCMP response	{"cause": "bfd session down"}
2026-03-08 20:56:48.065553+0000	DEBUG	      router/dataplane.go:1775	SCMP response	{"cause": "bfd session down"}
2026-03-08 20:56:48.065559+0000	DEBUG	      router/dataplane.go:1775	SCMP response	{"cause": "bfd session down"}
2026-03-08 20:56:48.065563+0000	DEBUG	      router/dataplane.go:1775	SCMP response	{"cause": "bfd session down"}
2026-03-08 20:56:48.065567+0000	DEBUG	      router/dataplane.go:1775	SCMP response	{"cause": "bfd session down"}
2026-03-08 20:56:48.050067+0000	DEBUG	      router/dataplane.go:2597	scmp	{"typecode": "ExternalInterfaceDown"}
2026-03-08 20:56:48.067157+0000	DEBUG	      router/dataplane.go:2597	scmp	{"typecode": "ExternalInterfaceDown"}
2026-03-08 20:56:48.067176+0000	DEBUG	      router/dataplane.go:2597	scmp	{"typecode": "ExternalInterfaceDown"}
2026-03-08 20:56:48.067193+0000	DEBUG	      router/dataplane.go:2597	scmp	{"typecode": "ExternalInterfaceDown"}
2026-03-08 20:56:48.067200+0000	DEBUG	      router/dataplane.go:2597	scmp	{"typecode": "ExternalInterfaceDown"}
2026-03-08 20:56:48.067207+0000	DEBUG	      router/dataplane.go:2597	scmp	{"typecode": "ExternalInterfaceDown"}
2026-03-08 20:56:48.067213+0000	DEBUG	      router/dataplane.go:2597	scmp	{"typecode": "ExternalInterfaceDown"}
2026-03-08 20:56:48.184032+0000	DEBUG	            bfd/session.go:437	Transitioned from state Down to state Init on event Down
2026-03-08 20:56:48.239968+0000	DEBUG	      router/dataplane.go:1775	SCMP response	{"cause": "bfd session down"}
2026-03-08 20:56:48.240001+0000	DEBUG	      router/dataplane.go:1775	SCMP response	{"cause": "bfd session down"}
2026-03-08 20:56:48.241956+0000	DEBUG	      router/dataplane.go:2597	scmp	{"typecode": "ExternalInterfaceDown"}
2026-03-08 20:56:48.243661+0000	DEBUG	      router/dataplane.go:2597	scmp	{"typecode": "ExternalInterfaceDown"}
2026-03-08 20:56:48.246764+0000	DEBUG	      router/dataplane.go:1775	SCMP response	{"cause": "bfd session down"}
2026-03-08 20:56:48.246796+0000	DEBUG	      router/dataplane.go:1775	SCMP response	{"cause": "bfd session down"}
2026-03-08 20:56:48.247611+0000	DEBUG	      router/dataplane.go:2597	scmp	{"typecode": "ExternalInterfaceDown"}
2026-03-08 20:56:48.247638+0000	DEBUG	      router/dataplane.go:2597	scmp	{"typecode": "ExternalInterfaceDown"}
2026-03-08 20:56:48.582539+0000	DEBUG	            bfd/session.go:437	Transitioned from state Init to state Up on event Up
2026-03-08 20:56:56.025252+0000	DEBUG	            bfd/session.go:437	Transitioned from state Up to state Down on event Timer
2026-03-08 20:56:56.025506+0000	DEBUG	            bfd/session.go:231	Bootstrapped
2026-03-08 20:56:56.067873+0000	DEBUG	      router/dataplane.go:1775	SCMP response	{"cause": "bfd session down"}
2026-03-08 20:56:56.067909+0000	DEBUG	      router/dataplane.go:1775	SCMP response	{"cause": "bfd session down"}
2026-03-08 20:56:56.067916+0000	DEBUG	      router/dataplane.go:1775	SCMP response	{"cause": "bfd session down"}
2026-03-08 20:56:56.067921+0000	DEBUG	      router/dataplane.go:1775	SCMP response	{"cause": "bfd session down"}
2026-03-08 20:56:56.067934+0000	DEBUG	      router/dataplane.go:2597	scmp	{"typecode": "ExternalInterfaceDown"}
2026-03-08 20:56:56.067947+0000	DEBUG	      router/dataplane.go:2597	scmp	{"typecode": "ExternalInterfaceDown"}
2026-03-08 20:56:56.067953+0000	DEBUG	      router/dataplane.go:2597	scmp	{"typecode": "ExternalInterfaceDown"}
2026-03-08 20:56:56.067960+0000	DEBUG	      router/dataplane.go:2597	scmp	{"typecode": "ExternalInterfaceDown"}
2026-03-08 20:56:56.176374+0000	DEBUG	            bfd/session.go:437	Transitioned from state Down to state Init on event Down
2026-03-08 20:56:56.243123+0000	DEBUG	      router/dataplane.go:1775	SCMP response	{"cause": "bfd session down"}
2026-03-08 20:56:56.243183+0000	DEBUG	      router/dataplane.go:2597	scmp	{"typecode": "ExternalInterfaceDown"}
2026-03-08 20:56:56.359442+0000	DEBUG	      router/dataplane.go:1775	SCMP response	{"cause": "bfd session down"}
2026-03-08 20:56:56.359485+0000	DEBUG	      router/dataplane.go:2597	scmp	{"typecode": "ExternalInterfaceDown"}
2026-03-08 20:56:56.572625+0000	DEBUG	            bfd/session.go:437	Transitioned from state Init to state Up on event Up
2026-03-08 20:57:34.893798+0000	DEBUG	            bfd/session.go:437	Transitioned from state Up to state Down on event Timer
2026-03-08 20:57:34.898430+0000	DEBUG	            bfd/session.go:437	Transitioned from state Up to state Down on event Timer
2026-03-08 20:57:34.898462+0000	DEBUG	            bfd/session.go:437	Transitioned from state Up to state Down on event Timer
2026-03-08 20:57:34.898503+0000	DEBUG	            bfd/session.go:437	Transitioned from state Up to state Down on event Timer
2026-03-08 20:57:34.898511+0000	DEBUG	            bfd/session.go:437	Transitioned from state Up to state Down on event Timer
2026-03-08 20:57:34.898534+0000	DEBUG	            bfd/session.go:437	Transitioned from state Up to state Down on event Timer
2026-03-08 20:57:34.898542+0000	DEBUG	            bfd/session.go:437	Transitioned from state Up to state Down on event Timer
2026-03-08 20:57:34.898776+0000	DEBUG	            bfd/session.go:437	Transitioned from state Up to state Down on event Timer
2026-03-08 20:57:34.891499+0000	DEBUG	            bfd/session.go:437	Transitioned from state Up to state Down on event Timer
2026-03-08 20:57:34.902590+0000	DEBUG	            bfd/session.go:231	Bootstrapped
2026-03-08 20:57:34.903295+0000	DEBUG	            bfd/session.go:437	Transitioned from state Down to state Init on event Down
2026-03-08 20:57:34.913124+0000	DEBUG	            bfd/session.go:231	Bootstrapped
2026-03-08 20:57:34.913148+0000	DEBUG	            bfd/session.go:437	Transitioned from state Down to state Init on event Down
2026-03-08 20:57:34.913686+0000	DEBUG	            bfd/session.go:231	Bootstrapped
2026-03-08 20:57:34.913716+0000	DEBUG	            bfd/session.go:231	Bootstrapped
2026-03-08 20:57:34.920562+0000	DEBUG	            bfd/session.go:231	Bootstrapped
2026-03-08 20:57:34.924142+0000	DEBUG	            bfd/session.go:231	Bootstrapped
2026-03-08 20:57:34.946288+0000	DEBUG	      router/dataplane.go:1775	SCMP response	{"cause": "bfd session down"}
2026-03-08 20:57:34.946315+0000	DEBUG	      router/dataplane.go:1775	SCMP response	{"cause": "bfd session down"}
2026-03-08 20:57:34.946329+0000	DEBUG	      router/dataplane.go:2597	scmp	{"typecode": "ExternalInterfaceDown"}
2026-03-08 20:57:34.946342+0000	DEBUG	      router/dataplane.go:2597	scmp	{"typecode": "ExternalInterfaceDown"}
2026-03-08 20:57:34.947400+0000	DEBUG	      router/dataplane.go:1775	SCMP response	{"cause": "bfd session down"}
2026-03-08 20:57:34.947428+0000	DEBUG	      router/dataplane.go:1775	SCMP response	{"cause": "bfd session down"}
2026-03-08 20:57:34.947444+0000	DEBUG	      router/dataplane.go:2597	scmp	{"typecode": "ExternalInterfaceDown"}
2026-03-08 20:57:34.947610+0000	DEBUG	      router/dataplane.go:2597	scmp	{"typecode": "ExternalInterfaceDown"}
2026-03-08 20:57:34.957250+0000	DEBUG	            bfd/session.go:231	Bootstrapped
2026-03-08 20:57:34.957277+0000	DEBUG	            bfd/session.go:437	Transitioned from state Down to state Init on event Down
2026-03-08 20:57:34.957334+0000	DEBUG	      router/dataplane.go:1775	SCMP response	{"cause": "bfd session down"}
2026-03-08 20:57:34.957346+0000	DEBUG	      router/dataplane.go:1775	SCMP response	{"cause": "bfd session down"}
2026-03-08 20:57:34.957355+0000	DEBUG	      router/dataplane.go:1775	SCMP response	{"cause": "bfd session down"}
2026-03-08 20:57:34.957362+0000	DEBUG	      router/dataplane.go:1775	SCMP response	{"cause": "bfd session down"}
2026-03-08 20:57:34.957369+0000	DEBUG	      router/dataplane.go:1775	SCMP response	{"cause": "bfd session down"}
2026-03-08 20:57:34.957376+0000	DEBUG	      router/dataplane.go:1775	SCMP response	{"cause": "bfd session down"}
2026-03-08 20:57:34.957395+0000	DEBUG	      router/dataplane.go:1775	SCMP response	{"cause": "bfd session down"}
2026-03-08 20:57:34.957413+0000	DEBUG	      router/dataplane.go:1775	SCMP response	{"cause": "bfd session down"}
2026-03-08 20:57:34.957425+0000	DEBUG	      router/dataplane.go:1775	SCMP response	{"cause": "bfd session down"}
2026-03-08 20:57:34.957431+0000	DEBUG	      router/dataplane.go:1775	SCMP response	{"cause": "bfd session down"}
2026-03-08 20:57:34.957437+0000	DEBUG	      router/dataplane.go:1775	SCMP response	{"cause": "bfd session down"}
2026-03-08 20:57:34.957447+0000	DEBUG	      router/dataplane.go:2597	scmp	{"typecode": "ExternalInterfaceDown"}
2026-03-08 20:57:34.957461+0000	DEBUG	      router/dataplane.go:2597	scmp	{"typecode": "ExternalInterfaceDown"}
2026-03-08 20:57:34.957472+0000	DEBUG	      router/dataplane.go:2597	scmp	{"typecode": "ExternalInterfaceDown"}
2026-03-08 20:57:34.957482+0000	DEBUG	      router/dataplane.go:2597	scmp	{"typecode": "ExternalInterfaceDown"}
2026-03-08 20:57:34.957490+0000	DEBUG	      router/dataplane.go:2597	scmp	{"typecode": "ExternalInterfaceDown"}
2026-03-08 20:57:34.957497+0000	DEBUG	      router/dataplane.go:2597	scmp	{"typecode": "ExternalInterfaceDown"}
2026-03-08 20:57:34.957505+0000	DEBUG	      router/dataplane.go:2597	scmp	{"typecode": "ExternalInterfaceDown"}
2026-03-08 20:57:34.957514+0000	DEBUG	      router/dataplane.go:2597	scmp	{"typecode": "ExternalInterfaceDown"}
2026-03-08 20:57:34.957522+0000	DEBUG	      router/dataplane.go:2597	scmp	{"typecode": "ExternalInterfaceDown"}
2026-03-08 20:57:34.957545+0000	DEBUG	      router/dataplane.go:2597	scmp	{"typecode": "ExternalInterfaceDown"}
2026-03-08 20:57:34.957553+0000	DEBUG	      router/dataplane.go:2597	scmp	{"typecode": "ExternalInterfaceDown"}
2026-03-08 20:57:34.957652+0000	DEBUG	      router/dataplane.go:1775	SCMP response	{"cause": "bfd session down"}
2026-03-08 20:57:34.957662+0000	DEBUG	      router/dataplane.go:1775	SCMP response	{"cause": "bfd session down"}
2026-03-08 20:57:34.957667+0000	DEBUG	      router/dataplane.go:1775	SCMP response	{"cause": "bfd session down"}
2026-03-08 20:57:34.957673+0000	DEBUG	      router/dataplane.go:1775	SCMP response	{"cause": "bfd session down"}
2026-03-08 20:57:34.957678+0000	DEBUG	      router/dataplane.go:1775	SCMP response	{"cause": "bfd session down"}
2026-03-08 20:57:34.957684+0000	DEBUG	      router/dataplane.go:1775	SCMP response	{"cause": "bfd session down"}
2026-03-08 20:57:34.957689+0000	DEBUG	      router/dataplane.go:1775	SCMP response	{"cause": "bfd session down"}
2026-03-08 20:57:34.957694+0000	DEBUG	      router/dataplane.go:1775	SCMP response	{"cause": "bfd session down"}
2026-03-08 20:57:34.957699+0000	DEBUG	      router/dataplane.go:1775	SCMP response	{"cause": "bfd session down"}
2026-03-08 20:57:34.957706+0000	DEBUG	      router/dataplane.go:2597	scmp	{"typecode": "ExternalInterfaceDown"}
2026-03-08 20:57:34.957725+0000	DEBUG	      router/dataplane.go:2597	scmp	{"typecode": "ExternalInterfaceDown"}
2026-03-08 20:57:34.957734+0000	DEBUG	      router/dataplane.go:2597	scmp	{"typecode": "ExternalInterfaceDown"}
2026-03-08 20:57:34.957760+0000	DEBUG	      router/dataplane.go:2597	scmp	{"typecode": "ExternalInterfaceDown"}
2026-03-08 20:57:34.957776+0000	DEBUG	      router/dataplane.go:2597	scmp	{"typecode": "ExternalInterfaceDown"}
2026-03-08 20:57:34.957784+0000	DEBUG	      router/dataplane.go:2597	scmp	{"typecode": "ExternalInterfaceDown"}
2026-03-08 20:57:34.957791+0000	DEBUG	      router/dataplane.go:2597	scmp	{"typecode": "ExternalInterfaceDown"}
2026-03-08 20:57:34.957800+0000	DEBUG	      router/dataplane.go:2597	scmp	{"typecode": "ExternalInterfaceDown"}
2026-03-08 20:57:34.957808+0000	DEBUG	      router/dataplane.go:2597	scmp	{"typecode": "ExternalInterfaceDown"}
2026-03-08 20:57:34.961955+0000	DEBUG	      router/dataplane.go:1775	SCMP response	{"cause": "bfd session down"}
2026-03-08 20:57:34.962256+0000	DEBUG	      router/dataplane.go:2597	scmp	{"typecode": "ExternalInterfaceDown"}
2026-03-08 20:57:34.963520+0000	DEBUG	      router/dataplane.go:1775	SCMP response	{"cause": "bfd session down"}
2026-03-08 20:57:34.963558+0000	DEBUG	      router/dataplane.go:2597	scmp	{"typecode": "ExternalInterfaceDown"}
2026-03-08 20:57:34.963608+0000	DEBUG	      router/dataplane.go:1775	SCMP response	{"cause": "bfd session down"}
2026-03-08 20:57:34.963618+0000	DEBUG	      router/dataplane.go:2597	scmp	{"typecode": "ExternalInterfaceDown"}
2026-03-08 20:57:34.981032+0000	DEBUG	      router/dataplane.go:1775	SCMP response	{"cause": "bfd session down"}
2026-03-08 20:57:34.983851+0000	DEBUG	      router/dataplane.go:1775	SCMP response	{"cause": "bfd session down"}
2026-03-08 20:57:34.983860+0000	DEBUG	      router/dataplane.go:1775	SCMP response	{"cause": "bfd session down"}
2026-03-08 20:57:34.983681+0000	DEBUG	      router/dataplane.go:1775	SCMP response	{"cause": "bfd session down"}
2026-03-08 20:57:34.985293+0000	DEBUG	      router/dataplane.go:1775	SCMP response	{"cause": "bfd session down"}
2026-03-08 20:57:34.983872+0000	DEBUG	      router/dataplane.go:2597	scmp	{"typecode": "ExternalInterfaceDown"}
2026-03-08 20:57:34.985658+0000	DEBUG	      router/dataplane.go:2597	scmp	{"typecode": "ExternalInterfaceDown"}
2026-03-08 20:57:34.985668+0000	DEBUG	      router/dataplane.go:2597	scmp	{"typecode": "ExternalInterfaceDown"}
2026-03-08 20:57:34.985676+0000	DEBUG	      router/dataplane.go:2597	scmp	{"typecode": "ExternalInterfaceDown"}
2026-03-08 20:57:34.985681+0000	DEBUG	      router/dataplane.go:2597	scmp	{"typecode": "ExternalInterfaceDown"}
2026-03-08 20:57:34.986325+0000	DEBUG	      router/dataplane.go:1775	SCMP response	{"cause": "bfd session down"}
2026-03-08 20:57:34.986348+0000	DEBUG	      router/dataplane.go:2597	scmp	{"typecode": "ExternalInterfaceDown"}
2026-03-08 20:57:34.988243+0000	DEBUG	      router/dataplane.go:1775	SCMP response	{"cause": "bfd session down"}
2026-03-08 20:57:34.988271+0000	DEBUG	      router/dataplane.go:2597	scmp	{"typecode": "ExternalInterfaceDown"}
2026-03-08 20:57:34.988689+0000	DEBUG	      router/dataplane.go:1775	SCMP response	{"cause": "bfd session down"}
2026-03-08 20:57:34.988708+0000	DEBUG	      router/dataplane.go:2597	scmp	{"typecode": "ExternalInterfaceDown"}
2026-03-08 20:57:35.022040+0000	DEBUG	      router/dataplane.go:1775	SCMP response	{"cause": "bfd session down"}
2026-03-08 20:57:35.022090+0000	DEBUG	      router/dataplane.go:2597	scmp	{"typecode": "ExternalInterfaceDown"}
2026-03-08 20:57:35.031623+0000	DEBUG	            bfd/session.go:231	Bootstrapped
2026-03-08 20:57:35.031649+0000	DEBUG	            bfd/session.go:437	Transitioned from state Down to state Init on event Down
2026-03-08 20:57:35.080211+0000	DEBUG	            bfd/session.go:437	Transitioned from state Down to state Up on event Init
2026-03-08 20:57:35.081310+0000	DEBUG	      router/dataplane.go:1775	SCMP response	{"cause": "bfd session down"}
2026-03-08 20:57:35.081332+0000	DEBUG	      router/dataplane.go:1775	SCMP response	{"cause": "bfd session down"}
2026-03-08 20:57:35.081342+0000	DEBUG	      router/dataplane.go:2597	scmp	{"typecode": "ExternalInterfaceDown"}
2026-03-08 20:57:35.081352+0000	DEBUG	      router/dataplane.go:2597	scmp	{"typecode": "ExternalInterfaceDown"}
2026-03-08 20:57:35.095095+0000	DEBUG	            bfd/session.go:437	Transitioned from state Down to state Init on event Down
2026-03-08 20:57:35.096801+0000	DEBUG	            bfd/session.go:437	Transitioned from state Down to state Up on event Init
2026-03-08 20:57:35.099912+0000	DEBUG	            bfd/session.go:231	Bootstrapped
2026-03-08 20:57:35.099957+0000	DEBUG	            bfd/session.go:437	Transitioned from state Down to state Up on event Init
2026-03-08 20:57:35.153899+0000	DEBUG	      router/dataplane.go:1775	SCMP response	{"cause": "bfd session down"}
2026-03-08 20:57:35.154281+0000	DEBUG	      router/dataplane.go:2597	scmp	{"typecode": "ExternalInterfaceDown"}
2026-03-08 20:57:35.154900+0000	DEBUG	      router/dataplane.go:1775	SCMP response	{"cause": "bfd session down"}
2026-03-08 20:57:35.154936+0000	DEBUG	      router/dataplane.go:2597	scmp	{"typecode": "ExternalInterfaceDown"}
2026-03-08 20:57:35.161467+0000	DEBUG	      router/dataplane.go:1775	SCMP response	{"cause": "bfd session down"}
2026-03-08 20:57:35.161527+0000	DEBUG	      router/dataplane.go:2597	scmp	{"typecode": "ExternalInterfaceDown"}
2026-03-08 20:57:35.187980+0000	DEBUG	      router/dataplane.go:1775	SCMP response	{"cause": "bfd session down"}
2026-03-08 20:57:35.188493+0000	DEBUG	      router/dataplane.go:2597	scmp	{"typecode": "ExternalInterfaceDown"}
2026-03-08 20:57:35.241589+0000	DEBUG	            bfd/session.go:437	Transitioned from state Down to state Init on event Down
2026-03-08 20:57:35.246887+0000	DEBUG	      router/dataplane.go:1775	SCMP response	{"cause": "bfd session down"}
2026-03-08 20:57:35.247034+0000	DEBUG	      router/dataplane.go:1775	SCMP response	{"cause": "bfd session down"}
2026-03-08 20:57:35.247372+0000	DEBUG	      router/dataplane.go:2597	scmp	{"typecode": "ExternalInterfaceDown"}
2026-03-08 20:57:35.247509+0000	DEBUG	      router/dataplane.go:2597	scmp	{"typecode": "ExternalInterfaceDown"}
2026-03-08 20:57:35.248501+0000	DEBUG	            bfd/session.go:437	Transitioned from state Init to state Up on event Up
2026-03-08 20:57:35.269217+0000	DEBUG	            bfd/session.go:437	Transitioned from state Init to state Up on event Up
2026-03-08 20:57:35.287554+0000	DEBUG	            bfd/session.go:437	Transitioned from state Init to state Up on event Up
2026-03-08 20:57:35.301576+0000	DEBUG	            bfd/session.go:437	Transitioned from state Init to state Up on event Up
2026-03-08 20:57:35.434361+0000	DEBUG	            bfd/session.go:437	Transitioned from state Init to state Up on event Up
2026-03-08 20:57:35.603523+0000	DEBUG	            bfd/session.go:437	Transitioned from state Init to state Up on event Up
2026-03-08 20:57:59.819820+0000	DEBUG	            bfd/session.go:437	Transitioned from state Up to state Down on event Down
2026-03-08 20:58:00.132348+0000	DEBUG	      router/dataplane.go:1775	SCMP response	{"cause": "bfd session down"}
2026-03-08 20:58:00.132440+0000	DEBUG	      router/dataplane.go:2597	scmp	{"typecode": "ExternalInterfaceDown"}
2026-03-08 20:58:00.166333+0000	DEBUG	            bfd/session.go:437	Transitioned from state Down to state Up on event Init
2026-03-08 20:58:56.356131+0000	DEBUG	            bfd/session.go:437	Transitioned from state Up to state Down on event Down
2026-03-08 20:58:56.395452+0000	DEBUG	      router/dataplane.go:1775	SCMP response	{"cause": "bfd session down"}
2026-03-08 20:58:56.395500+0000	DEBUG	      router/dataplane.go:2597	scmp	{"typecode": "ExternalInterfaceDown"}
2026-03-08 20:58:56.645869+0000	DEBUG	            bfd/session.go:437	Transitioned from state Down to state Up on event Init
2026-03-08 20:59:46.889105+0000	DEBUG	            bfd/session.go:437	Transitioned from state Up to state Down on event Timer
2026-03-08 20:59:46.890291+0000	DEBUG	            bfd/session.go:437	Transitioned from state Up to state Down on event Timer
2026-03-08 20:59:46.894267+0000	DEBUG	            bfd/session.go:437	Transitioned from state Up to state Down on event Timer
2026-03-08 20:59:46.895895+0000	DEBUG	      router/dataplane.go:1775	SCMP response	{"cause": "bfd session down"}
2026-03-08 20:59:46.896215+0000	DEBUG	      router/dataplane.go:1775	SCMP response	{"cause": "bfd session down"}
2026-03-08 20:59:46.896228+0000	DEBUG	      router/dataplane.go:1775	SCMP response	{"cause": "bfd session down"}
2026-03-08 20:59:46.896234+0000	DEBUG	      router/dataplane.go:1775	SCMP response	{"cause": "bfd session down"}
2026-03-08 20:59:46.896239+0000	DEBUG	      router/dataplane.go:1775	SCMP response	{"cause": "bfd session down"}
2026-03-08 20:59:46.896244+0000	DEBUG	      router/dataplane.go:1775	SCMP response	{"cause": "bfd session down"}
2026-03-08 20:59:46.896233+0000	DEBUG	            bfd/session.go:231	Bootstrapped
2026-03-08 20:59:46.896258+0000	DEBUG	      router/dataplane.go:2597	scmp	{"typecode": "ExternalInterfaceDown"}
2026-03-08 20:59:46.896281+0000	DEBUG	      router/dataplane.go:2597	scmp	{"typecode": "ExternalInterfaceDown"}
2026-03-08 20:59:46.896299+0000	DEBUG	      router/dataplane.go:2597	scmp	{"typecode": "ExternalInterfaceDown"}
2026-03-08 20:59:46.896325+0000	DEBUG	      router/dataplane.go:2597	scmp	{"typecode": "ExternalInterfaceDown"}
2026-03-08 20:59:46.896337+0000	DEBUG	      router/dataplane.go:2597	scmp	{"typecode": "ExternalInterfaceDown"}
2026-03-08 20:59:46.896345+0000	DEBUG	      router/dataplane.go:2597	scmp	{"typecode": "ExternalInterfaceDown"}
2026-03-08 20:59:46.896353+0000	DEBUG	            bfd/session.go:231	Bootstrapped
2026-03-08 20:59:46.896362+0000	DEBUG	            bfd/session.go:231	Bootstrapped
2026-03-08 20:59:46.898173+0000	DEBUG	      router/dataplane.go:1775	SCMP response	{"cause": "bfd session down"}
2026-03-08 20:59:46.898214+0000	DEBUG	      router/dataplane.go:2597	scmp	{"typecode": "ExternalInterfaceDown"}
2026-03-08 20:59:47.073802+0000	DEBUG	            bfd/session.go:437	Transitioned from state Down to state Init on event Down
2026-03-08 20:59:47.113740+0000	DEBUG	            bfd/session.go:437	Transitioned from state Down to state Init on event Down
2026-03-08 20:59:47.113880+0000	DEBUG	            bfd/session.go:437	Transitioned from state Down to state Init on event Down
2026-03-08 20:59:47.379522+0000	DEBUG	      router/dataplane.go:1775	SCMP response	{"cause": "bfd session down"}
2026-03-08 20:59:47.379562+0000	DEBUG	      router/dataplane.go:2597	scmp	{"typecode": "ExternalInterfaceDown"}
2026-03-08 20:59:47.379613+0000	DEBUG	      router/dataplane.go:1775	SCMP response	{"cause": "bfd session down"}
2026-03-08 20:59:47.379624+0000	DEBUG	      router/dataplane.go:2597	scmp	{"typecode": "ExternalInterfaceDown"}
2026-03-08 20:59:47.426311+0000	DEBUG	            bfd/session.go:437	Transitioned from state Init to state Up on event Up
2026-03-08 20:59:47.433895+0000	DEBUG	            bfd/session.go:437	Transitioned from state Init to state Up on event Up
2026-03-08 20:59:47.520021+0000	DEBUG	            bfd/session.go:437	Transitioned from state Init to state Up on event Up
2026-03-08 21:01:05.245436+0000	DEBUG	       router/dataplane.go:772	Error while reading batch	{"interfaceID": 6, "err": "read udp 10.0.3.10:50023: recvmmsg: connection refused"}
2026-03-08 21:01:05.480214+0000	DEBUG	       router/dataplane.go:772	Error while reading batch	{"interfaceID": 6, "err": "read udp 10.0.3.10:50023: recvmmsg: connection refused"}
2026-03-08 21:01:05.480711+0000	DEBUG	       router/dataplane.go:772	Error while reading batch	{"interfaceID": 8, "err": "read udp 10.0.3.10:51300: recvmmsg: connection refused"}
2026-03-08 21:01:05.486980+0000	DEBUG	       router/dataplane.go:772	Error while reading batch	{"interfaceID": 8, "err": "read udp 10.0.3.10:51300: recvmmsg: connection refused"}
2026-03-08 21:01:05.490194+0000	DEBUG	       router/dataplane.go:772	Error while reading batch	{"interfaceID": 8, "err": "read udp 10.0.3.10:51300: recvmmsg: connection refused"}
2026-03-08 21:01:05.492790+0000	DEBUG	            bfd/session.go:437	Transitioned from state Up to state Down on event Timer
2026-03-08 21:01:05.501879+0000	DEBUG	       router/dataplane.go:772	Error while reading batch	{"interfaceID": 8, "err": "read udp 10.0.3.10:51300: recvmmsg: connection refused"}
2026-03-08 21:01:05.649021+0000	DEBUG	      router/dataplane.go:1775	SCMP response	{"cause": "bfd session down"}
2026-03-08 21:01:05.649088+0000	DEBUG	      router/dataplane.go:2597	scmp	{"typecode": "ExternalInterfaceDown"}
2026-03-08 21:01:05.649639+0000	DEBUG	      router/dataplane.go:1775	SCMP response	{"cause": "bfd session down"}
2026-03-08 21:01:05.649681+0000	DEBUG	      router/dataplane.go:2597	scmp	{"typecode": "ExternalInterfaceDown"}
2026-03-08 21:01:05.674408+0000	DEBUG	       router/dataplane.go:772	Error while reading batch	{"interfaceID": 6, "err": "read udp 10.0.3.10:50023: recvmmsg: connection refused"}
2026-03-08 21:01:05.801471+0000	DEBUG	       router/dataplane.go:772	Error while reading batch	{"interfaceID": 10, "err": "read udp 10.0.3.10:51320: recvmmsg: connection refused"}
